{"C:\\Users\\donza\\OneDrive\\Bureau\\TRAVAIL\\ANNÉE 3\\R5.06 - Développement back avancé\\TP1_Chat\\index.js": {"path":"C:\\Users\\donza\\OneDrive\\Bureau\\TRAVAIL\\ANNÉE 3\\R5.06 - Développement back avancé\\TP1_Chat\\index.js","all":false,"statementMap":{"0":{"start":{"line":1,"column":0},"end":{"line":1,"column":30}},"1":{"start":{"line":2,"column":0},"end":{"line":2,"column":38}},"2":{"start":{"line":3,"column":0},"end":{"line":3,"column":24}},"3":{"start":{"line":4,"column":0},"end":{"line":4,"column":36}},"4":{"start":{"line":5,"column":0},"end":{"line":5,"column":31}},"5":{"start":{"line":6,"column":0},"end":{"line":6,"column":23}},"6":{"start":{"line":7,"column":0},"end":{"line":7,"column":59}},"7":{"start":{"line":8,"column":0},"end":{"line":8,"column":42}},"8":{"start":{"line":9,"column":0},"end":{"line":9,"column":0}},"9":{"start":{"line":10,"column":0},"end":{"line":10,"column":16}},"10":{"start":{"line":11,"column":0},"end":{"line":11,"column":34}},"11":{"start":{"line":12,"column":0},"end":{"line":12,"column":0}},"12":{"start":{"line":13,"column":0},"end":{"line":13,"column":40}},"13":{"start":{"line":14,"column":0},"end":{"line":14,"column":50}},"14":{"start":{"line":15,"column":0},"end":{"line":15,"column":38}},"15":{"start":{"line":16,"column":0},"end":{"line":16,"column":0}},"16":{"start":{"line":17,"column":0},"end":{"line":17,"column":24}},"17":{"start":{"line":18,"column":0},"end":{"line":18,"column":22}},"18":{"start":{"line":19,"column":0},"end":{"line":19,"column":0}},"19":{"start":{"line":20,"column":0},"end":{"line":20,"column":83}},"20":{"start":{"line":21,"column":0},"end":{"line":21,"column":26}},"21":{"start":{"line":22,"column":0},"end":{"line":22,"column":0}},"22":{"start":{"line":23,"column":0},"end":{"line":23,"column":30}},"23":{"start":{"line":24,"column":0},"end":{"line":24,"column":29}},"24":{"start":{"line":25,"column":0},"end":{"line":25,"column":28}},"25":{"start":{"line":26,"column":0},"end":{"line":26,"column":57}},"26":{"start":{"line":27,"column":0},"end":{"line":27,"column":32}},"27":{"start":{"line":28,"column":0},"end":{"line":28,"column":31}},"28":{"start":{"line":29,"column":0},"end":{"line":29,"column":6}},"29":{"start":{"line":30,"column":0},"end":{"line":30,"column":4}},"30":{"start":{"line":31,"column":0},"end":{"line":31,"column":38}},"31":{"start":{"line":32,"column":0},"end":{"line":32,"column":42}},"32":{"start":{"line":33,"column":0},"end":{"line":33,"column":61}},"33":{"start":{"line":34,"column":0},"end":{"line":34,"column":5}},"34":{"start":{"line":35,"column":0},"end":{"line":35,"column":4}},"35":{"start":{"line":36,"column":0},"end":{"line":36,"column":85}},"36":{"start":{"line":37,"column":0},"end":{"line":37,"column":81}},"37":{"start":{"line":38,"column":0},"end":{"line":38,"column":62}},"38":{"start":{"line":39,"column":0},"end":{"line":39,"column":4}},"39":{"start":{"line":40,"column":0},"end":{"line":40,"column":43}},"40":{"start":{"line":41,"column":0},"end":{"line":41,"column":35}},"41":{"start":{"line":42,"column":0},"end":{"line":42,"column":28}},"42":{"start":{"line":43,"column":0},"end":{"line":43,"column":12}},"43":{"start":{"line":44,"column":0},"end":{"line":44,"column":15}},"44":{"start":{"line":45,"column":0},"end":{"line":45,"column":5}},"45":{"start":{"line":46,"column":0},"end":{"line":46,"column":3}},"46":{"start":{"line":47,"column":0},"end":{"line":47,"column":0}},"47":{"start":{"line":48,"column":0},"end":{"line":48,"column":53}},"48":{"start":{"line":49,"column":0},"end":{"line":49,"column":48}},"49":{"start":{"line":50,"column":0},"end":{"line":50,"column":24}},"50":{"start":{"line":51,"column":0},"end":{"line":51,"column":0}},"51":{"start":{"line":52,"column":0},"end":{"line":52,"column":29}},"52":{"start":{"line":53,"column":0},"end":{"line":53,"column":17}},"53":{"start":{"line":54,"column":0},"end":{"line":54,"column":77}},"54":{"start":{"line":55,"column":0},"end":{"line":55,"column":18}},"55":{"start":{"line":56,"column":0},"end":{"line":56,"column":29}},"56":{"start":{"line":57,"column":0},"end":{"line":57,"column":13}},"57":{"start":{"line":58,"column":0},"end":{"line":58,"column":118}},"58":{"start":{"line":59,"column":0},"end":{"line":59,"column":114}},"59":{"start":{"line":60,"column":0},"end":{"line":60,"column":49}},"60":{"start":{"line":61,"column":0},"end":{"line":61,"column":68}},"61":{"start":{"line":62,"column":0},"end":{"line":62,"column":5}},"62":{"start":{"line":63,"column":0},"end":{"line":63,"column":4}},"63":{"start":{"line":64,"column":0},"end":{"line":64,"column":0}},"64":{"start":{"line":65,"column":0},"end":{"line":65,"column":38}},"65":{"start":{"line":66,"column":0},"end":{"line":66,"column":31}},"66":{"start":{"line":67,"column":0},"end":{"line":67,"column":48}},"67":{"start":{"line":68,"column":0},"end":{"line":68,"column":56}},"68":{"start":{"line":69,"column":0},"end":{"line":69,"column":0}},"69":{"start":{"line":70,"column":0},"end":{"line":70,"column":17}},"70":{"start":{"line":71,"column":0},"end":{"line":71,"column":0}},"71":{"start":{"line":72,"column":0},"end":{"line":72,"column":26}},"72":{"start":{"line":73,"column":0},"end":{"line":73,"column":34}},"73":{"start":{"line":74,"column":0},"end":{"line":74,"column":54}},"74":{"start":{"line":75,"column":0},"end":{"line":75,"column":28}},"75":{"start":{"line":76,"column":0},"end":{"line":76,"column":37}},"76":{"start":{"line":77,"column":0},"end":{"line":77,"column":5}},"77":{"start":{"line":78,"column":0},"end":{"line":78,"column":4}},"78":{"start":{"line":79,"column":0},"end":{"line":79,"column":45}},"79":{"start":{"line":80,"column":0},"end":{"line":80,"column":4}},"80":{"start":{"line":81,"column":0},"end":{"line":81,"column":9}},"81":{"start":{"line":82,"column":0},"end":{"line":82,"column":78}},"82":{"start":{"line":83,"column":0},"end":{"line":83,"column":51}},"83":{"start":{"line":84,"column":0},"end":{"line":84,"column":39}},"84":{"start":{"line":85,"column":0},"end":{"line":85,"column":11}},"85":{"start":{"line":86,"column":0},"end":{"line":86,"column":8}},"86":{"start":{"line":87,"column":0},"end":{"line":87,"column":38}},"87":{"start":{"line":88,"column":0},"end":{"line":88,"column":82}},"88":{"start":{"line":89,"column":0},"end":{"line":89,"column":34}},"89":{"start":{"line":90,"column":0},"end":{"line":90,"column":41}},"90":{"start":{"line":91,"column":0},"end":{"line":91,"column":9}},"91":{"start":{"line":92,"column":0},"end":{"line":92,"column":8}},"92":{"start":{"line":93,"column":0},"end":{"line":93,"column":36}},"93":{"start":{"line":94,"column":0},"end":{"line":94,"column":56}},"94":{"start":{"line":95,"column":0},"end":{"line":95,"column":42}},"95":{"start":{"line":96,"column":0},"end":{"line":96,"column":20}},"96":{"start":{"line":97,"column":0},"end":{"line":97,"column":11}},"97":{"start":{"line":98,"column":0},"end":{"line":98,"column":8}},"98":{"start":{"line":99,"column":0},"end":{"line":99,"column":30}},"99":{"start":{"line":100,"column":0},"end":{"line":100,"column":31}},"100":{"start":{"line":101,"column":0},"end":{"line":101,"column":31}},"101":{"start":{"line":102,"column":0},"end":{"line":102,"column":11}},"102":{"start":{"line":103,"column":0},"end":{"line":103,"column":21}},"103":{"start":{"line":104,"column":0},"end":{"line":104,"column":62}},"104":{"start":{"line":105,"column":0},"end":{"line":105,"column":57}},"105":{"start":{"line":106,"column":0},"end":{"line":106,"column":30}},"106":{"start":{"line":107,"column":0},"end":{"line":107,"column":5}},"107":{"start":{"line":108,"column":0},"end":{"line":108,"column":3}},"108":{"start":{"line":109,"column":0},"end":{"line":109,"column":0}},"109":{"start":{"line":110,"column":0},"end":{"line":110,"column":27}},"110":{"start":{"line":111,"column":0},"end":{"line":111,"column":32}},"111":{"start":{"line":112,"column":0},"end":{"line":112,"column":23}},"112":{"start":{"line":113,"column":0},"end":{"line":113,"column":3}},"113":{"start":{"line":114,"column":0},"end":{"line":114,"column":0}},"114":{"start":{"line":115,"column":0},"end":{"line":115,"column":28}},"115":{"start":{"line":116,"column":0},"end":{"line":116,"column":40}},"116":{"start":{"line":117,"column":0},"end":{"line":117,"column":42}},"117":{"start":{"line":118,"column":0},"end":{"line":118,"column":4}},"118":{"start":{"line":119,"column":0},"end":{"line":119,"column":29}},"119":{"start":{"line":120,"column":0},"end":{"line":120,"column":31}},"120":{"start":{"line":121,"column":0},"end":{"line":121,"column":48}},"121":{"start":{"line":122,"column":0},"end":{"line":122,"column":51}},"122":{"start":{"line":123,"column":0},"end":{"line":123,"column":11}},"123":{"start":{"line":124,"column":0},"end":{"line":124,"column":5}},"124":{"start":{"line":125,"column":0},"end":{"line":125,"column":4}},"125":{"start":{"line":126,"column":0},"end":{"line":126,"column":9}},"126":{"start":{"line":127,"column":0},"end":{"line":127,"column":45}},"127":{"start":{"line":128,"column":0},"end":{"line":128,"column":51}},"128":{"start":{"line":129,"column":0},"end":{"line":129,"column":37}},"129":{"start":{"line":130,"column":0},"end":{"line":130,"column":11}},"130":{"start":{"line":131,"column":0},"end":{"line":131,"column":8}},"131":{"start":{"line":132,"column":0},"end":{"line":132,"column":57}},"132":{"start":{"line":133,"column":0},"end":{"line":133,"column":50}},"133":{"start":{"line":134,"column":0},"end":{"line":134,"column":52}},"134":{"start":{"line":135,"column":0},"end":{"line":135,"column":58}},"135":{"start":{"line":136,"column":0},"end":{"line":136,"column":15}},"136":{"start":{"line":137,"column":0},"end":{"line":137,"column":9}},"137":{"start":{"line":138,"column":0},"end":{"line":138,"column":8}},"138":{"start":{"line":139,"column":0},"end":{"line":139,"column":51}},"139":{"start":{"line":140,"column":0},"end":{"line":140,"column":29}},"140":{"start":{"line":141,"column":0},"end":{"line":141,"column":52}},"141":{"start":{"line":142,"column":0},"end":{"line":142,"column":42}},"142":{"start":{"line":143,"column":0},"end":{"line":143,"column":15}},"143":{"start":{"line":144,"column":0},"end":{"line":144,"column":9}},"144":{"start":{"line":145,"column":0},"end":{"line":145,"column":8}},"145":{"start":{"line":146,"column":0},"end":{"line":146,"column":47}},"146":{"start":{"line":147,"column":0},"end":{"line":147,"column":28}},"147":{"start":{"line":148,"column":0},"end":{"line":148,"column":24}},"148":{"start":{"line":149,"column":0},"end":{"line":149,"column":31}},"149":{"start":{"line":150,"column":0},"end":{"line":150,"column":10}},"150":{"start":{"line":151,"column":0},"end":{"line":151,"column":8}},"151":{"start":{"line":152,"column":0},"end":{"line":152,"column":35}},"152":{"start":{"line":153,"column":0},"end":{"line":153,"column":26}},"153":{"start":{"line":154,"column":0},"end":{"line":154,"column":8}},"154":{"start":{"line":155,"column":0},"end":{"line":155,"column":21}},"155":{"start":{"line":156,"column":0},"end":{"line":156,"column":68}},"156":{"start":{"line":157,"column":0},"end":{"line":157,"column":41}},"157":{"start":{"line":158,"column":0},"end":{"line":158,"column":56}},"158":{"start":{"line":159,"column":0},"end":{"line":159,"column":11}},"159":{"start":{"line":160,"column":0},"end":{"line":160,"column":5}},"160":{"start":{"line":161,"column":0},"end":{"line":161,"column":3}},"161":{"start":{"line":162,"column":0},"end":{"line":162,"column":0}},"162":{"start":{"line":163,"column":0},"end":{"line":163,"column":23}},"163":{"start":{"line":164,"column":0},"end":{"line":164,"column":35}},"164":{"start":{"line":165,"column":0},"end":{"line":165,"column":34}},"165":{"start":{"line":166,"column":0},"end":{"line":166,"column":18}},"166":{"start":{"line":167,"column":0},"end":{"line":167,"column":65}},"167":{"start":{"line":168,"column":0},"end":{"line":168,"column":9}},"168":{"start":{"line":169,"column":0},"end":{"line":169,"column":30}},"169":{"start":{"line":170,"column":0},"end":{"line":170,"column":7}},"170":{"start":{"line":171,"column":0},"end":{"line":171,"column":3}},"171":{"start":{"line":172,"column":0},"end":{"line":172,"column":0}},"172":{"start":{"line":173,"column":0},"end":{"line":173,"column":54}},"173":{"start":{"line":174,"column":0},"end":{"line":174,"column":34}},"174":{"start":{"line":175,"column":0},"end":{"line":175,"column":34}},"175":{"start":{"line":176,"column":0},"end":{"line":176,"column":18}},"176":{"start":{"line":177,"column":0},"end":{"line":177,"column":65}},"177":{"start":{"line":178,"column":0},"end":{"line":178,"column":9}},"178":{"start":{"line":179,"column":0},"end":{"line":179,"column":30}},"179":{"start":{"line":180,"column":0},"end":{"line":180,"column":7}},"180":{"start":{"line":181,"column":0},"end":{"line":181,"column":3}},"181":{"start":{"line":182,"column":0},"end":{"line":182,"column":0}},"182":{"start":{"line":183,"column":0},"end":{"line":183,"column":64}},"183":{"start":{"line":184,"column":0},"end":{"line":184,"column":15}},"184":{"start":{"line":185,"column":0},"end":{"line":185,"column":0}},"185":{"start":{"line":186,"column":0},"end":{"line":186,"column":38}},"186":{"start":{"line":187,"column":0},"end":{"line":187,"column":52}},"187":{"start":{"line":188,"column":0},"end":{"line":188,"column":35}},"188":{"start":{"line":189,"column":0},"end":{"line":189,"column":27}},"189":{"start":{"line":190,"column":0},"end":{"line":190,"column":1}},"190":{"start":{"line":191,"column":0},"end":{"line":191,"column":0}},"191":{"start":{"line":192,"column":0},"end":{"line":192,"column":25}},"192":{"start":{"line":193,"column":0},"end":{"line":193,"column":62}}},"s":{"0":1,"1":1,"2":1,"3":1,"4":1,"5":1,"6":1,"7":1,"8":1,"9":1,"10":1,"11":1,"12":1,"13":1,"14":1,"15":1,"16":1,"17":1,"18":1,"19":1,"20":1,"21":1,"22":1,"23":1,"24":16,"25":16,"26":16,"27":16,"28":16,"29":16,"30":16,"31":16,"32":0,"33":0,"34":16,"35":16,"36":16,"37":16,"38":16,"39":16,"40":16,"41":0,"42":16,"43":16,"44":16,"45":1,"46":1,"47":1,"48":1,"49":1,"50":1,"51":1,"52":1,"53":1,"54":1,"55":1,"56":1,"57":1,"58":1,"59":1,"60":1,"61":1,"62":1,"63":1,"64":1,"65":1,"66":1,"67":1,"68":1,"69":1,"70":1,"71":1,"72":1,"73":2,"74":2,"75":0,"76":0,"77":2,"78":2,"79":2,"80":2,"81":2,"82":2,"83":2,"84":2,"85":2,"86":2,"87":0,"88":0,"89":0,"90":0,"91":2,"92":2,"93":2,"94":2,"95":2,"96":2,"97":2,"98":2,"99":2,"100":2,"101":2,"102":2,"103":0,"104":0,"105":0,"106":0,"107":1,"108":1,"109":1,"110":1,"111":2,"112":1,"113":1,"114":1,"115":1,"116":2,"117":2,"118":2,"119":2,"120":0,"121":0,"122":0,"123":0,"124":2,"125":2,"126":2,"127":2,"128":2,"129":2,"130":2,"131":2,"132":2,"133":1,"134":1,"135":1,"136":1,"137":1,"138":1,"139":2,"140":0,"141":0,"142":0,"143":0,"144":1,"145":1,"146":1,"147":1,"148":1,"149":1,"150":1,"151":1,"152":1,"153":1,"154":2,"155":0,"156":0,"157":0,"158":0,"159":0,"160":1,"161":1,"162":1,"163":1,"164":0,"165":0,"166":0,"167":0,"168":0,"169":0,"170":1,"171":1,"172":1,"173":1,"174":0,"175":0,"176":0,"177":0,"178":0,"179":0,"180":1,"181":1,"182":1,"183":1,"184":1,"185":1,"186":0,"187":0,"188":0,"189":0,"190":1,"191":1,"192":1},"branchMap":{"0":{"type":"branch","line":54,"loc":{"start":{"line":54,"column":38},"end":{"line":54,"column":76}},"locations":[{"start":{"line":54,"column":38},"end":{"line":54,"column":76}}]},"1":{"type":"branch","line":59,"loc":{"start":{"line":59,"column":55},"end":{"line":59,"column":66}},"locations":[{"start":{"line":59,"column":55},"end":{"line":59,"column":66}}]},"2":{"type":"branch","line":186,"loc":{"start":{"line":186,"column":37},"end":{"line":190,"column":1}},"locations":[{"start":{"line":186,"column":37},"end":{"line":190,"column":1}}]},"3":{"type":"branch","line":24,"loc":{"start":{"line":24,"column":8},"end":{"line":46,"column":2}},"locations":[{"start":{"line":24,"column":8},"end":{"line":46,"column":2}}]},"4":{"type":"branch","line":26,"loc":{"start":{"line":26,"column":29},"end":{"line":26,"column":56}},"locations":[{"start":{"line":26,"column":29},"end":{"line":26,"column":56}}]},"5":{"type":"branch","line":32,"loc":{"start":{"line":32,"column":41},"end":{"line":34,"column":5}},"locations":[{"start":{"line":32,"column":41},"end":{"line":34,"column":5}}]},"6":{"type":"branch","line":41,"loc":{"start":{"line":41,"column":34},"end":{"line":43,"column":5}},"locations":[{"start":{"line":41,"column":34},"end":{"line":43,"column":5}}]},"7":{"type":"branch","line":73,"loc":{"start":{"line":73,"column":13},"end":{"line":108,"column":2}},"locations":[{"start":{"line":73,"column":13},"end":{"line":108,"column":2}}]},"8":{"type":"branch","line":75,"loc":{"start":{"line":75,"column":27},"end":{"line":77,"column":5}},"locations":[{"start":{"line":75,"column":27},"end":{"line":77,"column":5}}]},"9":{"type":"branch","line":87,"loc":{"start":{"line":87,"column":37},"end":{"line":91,"column":9}},"locations":[{"start":{"line":87,"column":37},"end":{"line":91,"column":9}}]},"10":{"type":"branch","line":103,"loc":{"start":{"line":103,"column":6},"end":{"line":107,"column":5}},"locations":[{"start":{"line":103,"column":6},"end":{"line":107,"column":5}}]},"11":{"type":"branch","line":111,"loc":{"start":{"line":111,"column":17},"end":{"line":113,"column":2}},"locations":[{"start":{"line":111,"column":17},"end":{"line":113,"column":2}}]},"12":{"type":"branch","line":116,"loc":{"start":{"line":116,"column":19},"end":{"line":161,"column":2}},"locations":[{"start":{"line":116,"column":19},"end":{"line":161,"column":2}}]},"13":{"type":"branch","line":120,"loc":{"start":{"line":120,"column":30},"end":{"line":124,"column":5}},"locations":[{"start":{"line":120,"column":30},"end":{"line":124,"column":5}}]},"14":{"type":"branch","line":133,"loc":{"start":{"line":133,"column":17},"end":{"line":133,"column":47}},"locations":[{"start":{"line":133,"column":17},"end":{"line":133,"column":47}}]},"15":{"type":"branch","line":133,"loc":{"start":{"line":133,"column":49},"end":{"line":140,"column":28}},"locations":[{"start":{"line":133,"column":49},"end":{"line":140,"column":28}}]},"16":{"type":"branch","line":140,"loc":{"start":{"line":140,"column":28},"end":{"line":144,"column":9}},"locations":[{"start":{"line":140,"column":28},"end":{"line":144,"column":9}}]},"17":{"type":"branch","line":144,"loc":{"start":{"line":144,"column":8},"end":{"line":155,"column":6}},"locations":[{"start":{"line":144,"column":8},"end":{"line":155,"column":6}}]},"18":{"type":"branch","line":155,"loc":{"start":{"line":155,"column":6},"end":{"line":160,"column":5}},"locations":[{"start":{"line":155,"column":6},"end":{"line":160,"column":5}}]}},"b":{"0":[0],"1":[0],"2":[0],"3":[16],"4":[0],"5":[0],"6":[0],"7":[2],"8":[0],"9":[0],"10":[0],"11":[2],"12":[2],"13":[0],"14":[1],"15":[1],"16":[0],"17":[1],"18":[0]},"fnMap":{},"f":{}}
,"C:\\Users\\donza\\OneDrive\\Bureau\\TRAVAIL\\ANNÉE 3\\R5.06 - Développement back avancé\\TP1_Chat\\server.js": {"path":"C:\\Users\\donza\\OneDrive\\Bureau\\TRAVAIL\\ANNÉE 3\\R5.06 - Développement back avancé\\TP1_Chat\\server.js","all":false,"statementMap":{"0":{"start":{"line":1,"column":0},"end":{"line":1,"column":35}},"1":{"start":{"line":2,"column":0},"end":{"line":2,"column":36}},"2":{"start":{"line":3,"column":0},"end":{"line":3,"column":23}},"3":{"start":{"line":4,"column":0},"end":{"line":4,"column":0}},"4":{"start":{"line":5,"column":0},"end":{"line":5,"column":24}},"5":{"start":{"line":6,"column":0},"end":{"line":6,"column":0}},"6":{"start":{"line":7,"column":0},"end":{"line":7,"column":75}},"7":{"start":{"line":8,"column":0},"end":{"line":8,"column":37}},"8":{"start":{"line":9,"column":0},"end":{"line":9,"column":34}},"9":{"start":{"line":10,"column":0},"end":{"line":10,"column":0}},"10":{"start":{"line":11,"column":0},"end":{"line":11,"column":48}},"11":{"start":{"line":12,"column":0},"end":{"line":12,"column":54}},"12":{"start":{"line":13,"column":0},"end":{"line":13,"column":13}},"13":{"start":{"line":14,"column":0},"end":{"line":14,"column":36}},"14":{"start":{"line":15,"column":0},"end":{"line":15,"column":51}},"15":{"start":{"line":16,"column":0},"end":{"line":16,"column":24}},"16":{"start":{"line":17,"column":0},"end":{"line":17,"column":23}},"17":{"start":{"line":18,"column":0},"end":{"line":18,"column":83}},"18":{"start":{"line":19,"column":0},"end":{"line":19,"column":30}},"19":{"start":{"line":20,"column":0},"end":{"line":20,"column":93}},"20":{"start":{"line":21,"column":0},"end":{"line":21,"column":72}},"21":{"start":{"line":22,"column":0},"end":{"line":22,"column":54}},"22":{"start":{"line":23,"column":0},"end":{"line":23,"column":20}},"23":{"start":{"line":24,"column":0},"end":{"line":24,"column":91}},"24":{"start":{"line":25,"column":0},"end":{"line":25,"column":29}},"25":{"start":{"line":26,"column":0},"end":{"line":26,"column":13}},"26":{"start":{"line":27,"column":0},"end":{"line":27,"column":9}},"27":{"start":{"line":28,"column":0},"end":{"line":28,"column":6}},"28":{"start":{"line":29,"column":0},"end":{"line":29,"column":4}},"29":{"start":{"line":30,"column":0},"end":{"line":30,"column":38}},"30":{"start":{"line":31,"column":0},"end":{"line":31,"column":24}},"31":{"start":{"line":32,"column":0},"end":{"line":32,"column":0}},"32":{"start":{"line":33,"column":0},"end":{"line":33,"column":16}},"33":{"start":{"line":34,"column":0},"end":{"line":34,"column":37}},"34":{"start":{"line":35,"column":0},"end":{"line":35,"column":59}},"35":{"start":{"line":36,"column":0},"end":{"line":36,"column":0}},"36":{"start":{"line":37,"column":0},"end":{"line":37,"column":30}},"37":{"start":{"line":38,"column":0},"end":{"line":38,"column":46}},"38":{"start":{"line":39,"column":0},"end":{"line":39,"column":43}},"39":{"start":{"line":40,"column":0},"end":{"line":40,"column":66}},"40":{"start":{"line":41,"column":0},"end":{"line":41,"column":46}},"41":{"start":{"line":42,"column":0},"end":{"line":42,"column":91}},"42":{"start":{"line":43,"column":0},"end":{"line":43,"column":11}},"43":{"start":{"line":44,"column":0},"end":{"line":44,"column":0}},"44":{"start":{"line":45,"column":0},"end":{"line":45,"column":23}},"45":{"start":{"line":46,"column":0},"end":{"line":46,"column":51}},"46":{"start":{"line":47,"column":0},"end":{"line":47,"column":50}},"47":{"start":{"line":48,"column":0},"end":{"line":48,"column":34}},"48":{"start":{"line":49,"column":0},"end":{"line":49,"column":0}},"49":{"start":{"line":50,"column":0},"end":{"line":50,"column":70}},"50":{"start":{"line":51,"column":0},"end":{"line":51,"column":0}},"51":{"start":{"line":52,"column":0},"end":{"line":52,"column":17}},"52":{"start":{"line":53,"column":0},"end":{"line":53,"column":48}},"53":{"start":{"line":54,"column":0},"end":{"line":54,"column":66}},"54":{"start":{"line":55,"column":0},"end":{"line":55,"column":69}},"55":{"start":{"line":56,"column":0},"end":{"line":56,"column":19}},"56":{"start":{"line":57,"column":0},"end":{"line":57,"column":0}},"57":{"start":{"line":58,"column":0},"end":{"line":58,"column":41}},"58":{"start":{"line":59,"column":0},"end":{"line":59,"column":29}},"59":{"start":{"line":60,"column":0},"end":{"line":60,"column":42}},"60":{"start":{"line":61,"column":0},"end":{"line":61,"column":53}},"61":{"start":{"line":62,"column":0},"end":{"line":62,"column":19}},"62":{"start":{"line":63,"column":0},"end":{"line":63,"column":16}},"63":{"start":{"line":64,"column":0},"end":{"line":64,"column":29}},"64":{"start":{"line":65,"column":0},"end":{"line":65,"column":77}},"65":{"start":{"line":66,"column":0},"end":{"line":66,"column":64}},"66":{"start":{"line":67,"column":0},"end":{"line":67,"column":41}},"67":{"start":{"line":68,"column":0},"end":{"line":68,"column":29}},"68":{"start":{"line":69,"column":0},"end":{"line":69,"column":42}},"69":{"start":{"line":70,"column":0},"end":{"line":70,"column":41}},"70":{"start":{"line":71,"column":0},"end":{"line":71,"column":19}},"71":{"start":{"line":72,"column":0},"end":{"line":72,"column":13}},"72":{"start":{"line":73,"column":0},"end":{"line":73,"column":11}},"73":{"start":{"line":74,"column":0},"end":{"line":74,"column":0}},"74":{"start":{"line":75,"column":0},"end":{"line":75,"column":33}},"75":{"start":{"line":76,"column":0},"end":{"line":76,"column":39}},"76":{"start":{"line":77,"column":0},"end":{"line":77,"column":50}},"77":{"start":{"line":78,"column":0},"end":{"line":78,"column":27}},"78":{"start":{"line":79,"column":0},"end":{"line":79,"column":40}},"79":{"start":{"line":80,"column":0},"end":{"line":80,"column":73}},"80":{"start":{"line":81,"column":0},"end":{"line":81,"column":50}},"81":{"start":{"line":82,"column":0},"end":{"line":82,"column":94}},"82":{"start":{"line":83,"column":0},"end":{"line":83,"column":13}},"83":{"start":{"line":84,"column":0},"end":{"line":84,"column":11}},"84":{"start":{"line":85,"column":0},"end":{"line":85,"column":7}},"85":{"start":{"line":86,"column":0},"end":{"line":86,"column":0}},"86":{"start":{"line":87,"column":0},"end":{"line":87,"column":24}},"87":{"start":{"line":88,"column":0},"end":{"line":88,"column":31}},"88":{"start":{"line":89,"column":0},"end":{"line":89,"column":71}},"89":{"start":{"line":90,"column":0},"end":{"line":90,"column":82}},"90":{"start":{"line":91,"column":0},"end":{"line":91,"column":40}},"91":{"start":{"line":92,"column":0},"end":{"line":92,"column":7}},"92":{"start":{"line":93,"column":0},"end":{"line":93,"column":0}},"93":{"start":{"line":94,"column":0},"end":{"line":94,"column":25}},"94":{"start":{"line":95,"column":0},"end":{"line":95,"column":33}},"95":{"start":{"line":96,"column":0},"end":{"line":96,"column":46}},"96":{"start":{"line":97,"column":0},"end":{"line":97,"column":13}},"97":{"start":{"line":98,"column":0},"end":{"line":98,"column":39}},"98":{"start":{"line":99,"column":0},"end":{"line":99,"column":58}},"99":{"start":{"line":100,"column":0},"end":{"line":100,"column":25}},"100":{"start":{"line":101,"column":0},"end":{"line":101,"column":76}},"101":{"start":{"line":102,"column":0},"end":{"line":102,"column":9}},"102":{"start":{"line":103,"column":0},"end":{"line":103,"column":6}},"103":{"start":{"line":104,"column":0},"end":{"line":104,"column":4}},"104":{"start":{"line":105,"column":0},"end":{"line":105,"column":64}},"105":{"start":{"line":106,"column":0},"end":{"line":106,"column":65}},"106":{"start":{"line":107,"column":0},"end":{"line":107,"column":0}},"107":{"start":{"line":108,"column":0},"end":{"line":108,"column":26}},"108":{"start":{"line":109,"column":0},"end":{"line":109,"column":1}}},"s":{"0":1,"1":1,"2":1,"3":1,"4":1,"5":1,"6":1,"7":1,"8":1,"9":1,"10":1,"11":1,"12":1,"13":1,"14":1,"15":1,"16":1,"17":0,"18":0,"19":0,"20":0,"21":0,"22":0,"23":0,"24":0,"25":0,"26":0,"27":1,"28":1,"29":1,"30":1,"31":1,"32":1,"33":1,"34":2,"35":2,"36":2,"37":2,"38":2,"39":2,"40":2,"41":2,"42":2,"43":2,"44":2,"45":2,"46":1,"47":1,"48":1,"49":1,"50":1,"51":1,"52":1,"53":1,"54":1,"55":1,"56":1,"57":1,"58":1,"59":1,"60":1,"61":1,"62":1,"63":1,"64":0,"65":0,"66":0,"67":0,"68":0,"69":0,"70":0,"71":0,"72":2,"73":2,"74":2,"75":2,"76":2,"77":2,"78":2,"79":2,"80":2,"81":2,"82":2,"83":2,"84":1,"85":1,"86":1,"87":1,"88":1,"89":1,"90":1,"91":1,"92":1,"93":1,"94":1,"95":0,"96":0,"97":0,"98":0,"99":0,"100":0,"101":0,"102":1,"103":1,"104":1,"105":1,"106":1,"107":1,"108":1},"branchMap":{"0":{"type":"branch","line":7,"loc":{"start":{"line":7,"column":7},"end":{"line":109,"column":1}},"locations":[{"start":{"line":7,"column":7},"end":{"line":109,"column":1}}]},"1":{"type":"branch","line":7,"loc":{"start":{"line":7,"column":64},"end":{"line":7,"column":72}},"locations":[{"start":{"line":7,"column":64},"end":{"line":7,"column":72}}]},"2":{"type":"branch","line":12,"loc":{"start":{"line":12,"column":30},"end":{"line":28,"column":5}},"locations":[{"start":{"line":12,"column":30},"end":{"line":28,"column":5}}]},"3":{"type":"branch","line":17,"loc":{"start":{"line":17,"column":10},"end":{"line":27,"column":9}},"locations":[{"start":{"line":17,"column":10},"end":{"line":27,"column":9}}]},"4":{"type":"branch","line":34,"loc":{"start":{"line":34,"column":25},"end":{"line":85,"column":5}},"locations":[{"start":{"line":34,"column":25},"end":{"line":85,"column":5}}]},"5":{"type":"branch","line":38,"loc":{"start":{"line":38,"column":32},"end":{"line":43,"column":9}},"locations":[{"start":{"line":38,"column":32},"end":{"line":43,"column":9}}]},"6":{"type":"branch","line":46,"loc":{"start":{"line":46,"column":34},"end":{"line":73,"column":9}},"locations":[{"start":{"line":46,"column":34},"end":{"line":73,"column":9}}]},"7":{"type":"branch","line":48,"loc":{"start":{"line":48,"column":27},"end":{"line":48,"column":34}},"locations":[{"start":{"line":48,"column":27},"end":{"line":48,"column":34}}]},"8":{"type":"branch","line":64,"loc":{"start":{"line":64,"column":14},"end":{"line":72,"column":13}},"locations":[{"start":{"line":64,"column":14},"end":{"line":72,"column":13}}]},"9":{"type":"branch","line":76,"loc":{"start":{"line":76,"column":32},"end":{"line":84,"column":9}},"locations":[{"start":{"line":76,"column":32},"end":{"line":84,"column":9}}]},"10":{"type":"branch","line":88,"loc":{"start":{"line":88,"column":24},"end":{"line":92,"column":5}},"locations":[{"start":{"line":88,"column":24},"end":{"line":92,"column":5}}]},"11":{"type":"branch","line":90,"loc":{"start":{"line":90,"column":61},"end":{"line":90,"column":78}},"locations":[{"start":{"line":90,"column":61},"end":{"line":90,"column":78}}]}},"b":{"0":[1],"1":[0],"2":[1],"3":[0],"4":[2],"5":[2],"6":[1],"7":[0],"8":[0],"9":[2],"10":[1],"11":[0]},"fnMap":{"0":{"name":"startServer","decl":{"start":{"line":7,"column":7},"end":{"line":109,"column":1}},"loc":{"start":{"line":7,"column":7},"end":{"line":109,"column":1}},"line":7},"1":{"name":"connectToDatabase","decl":{"start":{"line":12,"column":30},"end":{"line":28,"column":5}},"loc":{"start":{"line":12,"column":30},"end":{"line":28,"column":5}},"line":12},"2":{"name":"cleanup","decl":{"start":{"line":95,"column":20},"end":{"line":103,"column":5}},"loc":{"start":{"line":95,"column":20},"end":{"line":103,"column":5}},"line":95}},"f":{"0":1,"1":1,"2":0}}
,"C:\\Users\\donza\\OneDrive\\Bureau\\TRAVAIL\\ANNÉE 3\\R5.06 - Développement back avancé\\TP1_Chat\\generated\\prisma\\index.js": {"path":"C:\\Users\\donza\\OneDrive\\Bureau\\TRAVAIL\\ANNÉE 3\\R5.06 - Développement back avancé\\TP1_Chat\\generated\\prisma\\index.js","all":false,"statementMap":{"0":{"start":{"line":1,"column":0},"end":{"line":1,"column":0}},"1":{"start":{"line":2,"column":0},"end":{"line":2,"column":66}},"2":{"start":{"line":3,"column":0},"end":{"line":3,"column":20}},"3":{"start":{"line":4,"column":0},"end":{"line":4,"column":0}},"4":{"start":{"line":5,"column":0},"end":{"line":5,"column":62}},"5":{"start":{"line":6,"column":0},"end":{"line":6,"column":0}},"6":{"start":{"line":7,"column":0},"end":{"line":7,"column":7}},"7":{"start":{"line":8,"column":0},"end":{"line":8,"column":32}},"8":{"start":{"line":9,"column":0},"end":{"line":9,"column":34}},"9":{"start":{"line":10,"column":0},"end":{"line":10,"column":29}},"10":{"start":{"line":11,"column":0},"end":{"line":11,"column":34}},"11":{"start":{"line":12,"column":0},"end":{"line":12,"column":30}},"12":{"start":{"line":13,"column":0},"end":{"line":13,"column":18}},"13":{"start":{"line":14,"column":0},"end":{"line":14,"column":9}},"14":{"start":{"line":15,"column":0},"end":{"line":15,"column":8}},"15":{"start":{"line":16,"column":0},"end":{"line":16,"column":7}},"16":{"start":{"line":17,"column":0},"end":{"line":17,"column":6}},"17":{"start":{"line":18,"column":0},"end":{"line":18,"column":7}},"18":{"start":{"line":19,"column":0},"end":{"line":19,"column":10}},"19":{"start":{"line":20,"column":0},"end":{"line":20,"column":8}},"20":{"start":{"line":21,"column":0},"end":{"line":21,"column":19}},"21":{"start":{"line":22,"column":0},"end":{"line":22,"column":17}},"22":{"start":{"line":23,"column":0},"end":{"line":23,"column":13}},"23":{"start":{"line":24,"column":0},"end":{"line":24,"column":11}},"24":{"start":{"line":25,"column":0},"end":{"line":25,"column":21}},"25":{"start":{"line":26,"column":0},"end":{"line":26,"column":9}},"26":{"start":{"line":27,"column":0},"end":{"line":27,"column":13}},"27":{"start":{"line":28,"column":0},"end":{"line":28,"column":14}},"28":{"start":{"line":29,"column":0},"end":{"line":29,"column":35}},"29":{"start":{"line":30,"column":0},"end":{"line":30,"column":0}},"30":{"start":{"line":31,"column":0},"end":{"line":31,"column":0}},"31":{"start":{"line":32,"column":0},"end":{"line":32,"column":17}},"32":{"start":{"line":33,"column":0},"end":{"line":33,"column":0}},"33":{"start":{"line":34,"column":0},"end":{"line":34,"column":23}},"34":{"start":{"line":35,"column":0},"end":{"line":35,"column":19}},"35":{"start":{"line":36,"column":0},"end":{"line":36,"column":0}},"36":{"start":{"line":37,"column":0},"end":{"line":37,"column":3}},"37":{"start":{"line":38,"column":0},"end":{"line":38,"column":35}},"38":{"start":{"line":39,"column":0},"end":{"line":39,"column":65}},"39":{"start":{"line":40,"column":0},"end":{"line":40,"column":3}},"40":{"start":{"line":41,"column":0},"end":{"line":41,"column":24}},"41":{"start":{"line":42,"column":0},"end":{"line":42,"column":19}},"42":{"start":{"line":43,"column":0},"end":{"line":43,"column":52}},"43":{"start":{"line":44,"column":0},"end":{"line":44,"column":1}},"44":{"start":{"line":45,"column":0},"end":{"line":45,"column":0}},"45":{"start":{"line":46,"column":0},"end":{"line":46,"column":69}},"46":{"start":{"line":47,"column":0},"end":{"line":47,"column":72}},"47":{"start":{"line":48,"column":0},"end":{"line":48,"column":62}},"48":{"start":{"line":49,"column":0},"end":{"line":49,"column":72}},"49":{"start":{"line":50,"column":0},"end":{"line":50,"column":64}},"50":{"start":{"line":51,"column":0},"end":{"line":51,"column":24}},"51":{"start":{"line":52,"column":0},"end":{"line":52,"column":0}},"52":{"start":{"line":53,"column":0},"end":{"line":53,"column":3}},"53":{"start":{"line":54,"column":0},"end":{"line":54,"column":32}},"54":{"start":{"line":55,"column":0},"end":{"line":55,"column":3}},"55":{"start":{"line":56,"column":0},"end":{"line":56,"column":19}},"56":{"start":{"line":57,"column":0},"end":{"line":57,"column":20}},"57":{"start":{"line":58,"column":0},"end":{"line":58,"column":18}},"58":{"start":{"line":59,"column":0},"end":{"line":59,"column":16}},"59":{"start":{"line":60,"column":0},"end":{"line":60,"column":35}},"60":{"start":{"line":61,"column":0},"end":{"line":61,"column":0}},"61":{"start":{"line":62,"column":0},"end":{"line":62,"column":3}},"62":{"start":{"line":63,"column":0},"end":{"line":63,"column":12}},"63":{"start":{"line":64,"column":0},"end":{"line":64,"column":2}},"64":{"start":{"line":65,"column":0},"end":{"line":65,"column":59}},"65":{"start":{"line":66,"column":0},"end":{"line":66,"column":51}},"66":{"start":{"line":67,"column":0},"end":{"line":67,"column":0}},"67":{"start":{"line":68,"column":0},"end":{"line":68,"column":3}},"68":{"start":{"line":69,"column":0},"end":{"line":69,"column":41}},"69":{"start":{"line":70,"column":0},"end":{"line":70,"column":3}},"70":{"start":{"line":71,"column":0},"end":{"line":71,"column":49}},"71":{"start":{"line":72,"column":0},"end":{"line":72,"column":53}},"72":{"start":{"line":73,"column":0},"end":{"line":73,"column":51}},"73":{"start":{"line":74,"column":0},"end":{"line":74,"column":0}},"74":{"start":{"line":75,"column":0},"end":{"line":75,"column":20}},"75":{"start":{"line":76,"column":0},"end":{"line":76,"column":42}},"76":{"start":{"line":77,"column":0},"end":{"line":77,"column":46}},"77":{"start":{"line":78,"column":0},"end":{"line":78,"column":43}},"78":{"start":{"line":79,"column":0},"end":{"line":79,"column":1}},"79":{"start":{"line":80,"column":0},"end":{"line":80,"column":0}},"80":{"start":{"line":81,"column":0},"end":{"line":81,"column":0}},"81":{"start":{"line":82,"column":0},"end":{"line":82,"column":0}},"82":{"start":{"line":83,"column":0},"end":{"line":83,"column":0}},"83":{"start":{"line":84,"column":0},"end":{"line":84,"column":30}},"84":{"start":{"line":85,"column":0},"end":{"line":85,"column":0}},"85":{"start":{"line":86,"column":0},"end":{"line":86,"column":3}},"86":{"start":{"line":87,"column":0},"end":{"line":87,"column":8}},"87":{"start":{"line":88,"column":0},"end":{"line":88,"column":3}},"88":{"start":{"line":89,"column":0},"end":{"line":89,"column":59}},"89":{"start":{"line":90,"column":0},"end":{"line":90,"column":37}},"90":{"start":{"line":91,"column":0},"end":{"line":91,"column":33}},"91":{"start":{"line":92,"column":0},"end":{"line":92,"column":35}},"92":{"start":{"line":93,"column":0},"end":{"line":93,"column":30}},"93":{"start":{"line":94,"column":0},"end":{"line":94,"column":3}},"94":{"start":{"line":95,"column":0},"end":{"line":95,"column":0}},"95":{"start":{"line":96,"column":0},"end":{"line":96,"column":41}},"96":{"start":{"line":97,"column":0},"end":{"line":97,"column":11}},"97":{"start":{"line":98,"column":0},"end":{"line":98,"column":19}},"98":{"start":{"line":99,"column":0},"end":{"line":99,"column":21}},"99":{"start":{"line":100,"column":0},"end":{"line":100,"column":24}},"100":{"start":{"line":101,"column":0},"end":{"line":101,"column":2}},"101":{"start":{"line":102,"column":0},"end":{"line":102,"column":0}},"102":{"start":{"line":103,"column":0},"end":{"line":103,"column":38}},"103":{"start":{"line":104,"column":0},"end":{"line":104,"column":11}},"104":{"start":{"line":105,"column":0},"end":{"line":105,"column":19}},"105":{"start":{"line":106,"column":0},"end":{"line":106,"column":23}},"106":{"start":{"line":107,"column":0},"end":{"line":107,"column":17}},"107":{"start":{"line":108,"column":0},"end":{"line":108,"column":22}},"108":{"start":{"line":109,"column":0},"end":{"line":109,"column":2}},"109":{"start":{"line":110,"column":0},"end":{"line":110,"column":0}},"110":{"start":{"line":111,"column":0},"end":{"line":111,"column":28}},"111":{"start":{"line":112,"column":0},"end":{"line":112,"column":13}},"112":{"start":{"line":113,"column":0},"end":{"line":113,"column":14}},"113":{"start":{"line":114,"column":0},"end":{"line":114,"column":2}},"114":{"start":{"line":115,"column":0},"end":{"line":115,"column":0}},"115":{"start":{"line":116,"column":0},"end":{"line":116,"column":28}},"116":{"start":{"line":117,"column":0},"end":{"line":117,"column":21}},"117":{"start":{"line":118,"column":0},"end":{"line":118,"column":28}},"118":{"start":{"line":119,"column":0},"end":{"line":119,"column":2}},"119":{"start":{"line":120,"column":0},"end":{"line":120,"column":0}},"120":{"start":{"line":121,"column":0},"end":{"line":121,"column":0}},"121":{"start":{"line":122,"column":0},"end":{"line":122,"column":28}},"122":{"start":{"line":123,"column":0},"end":{"line":123,"column":21}},"123":{"start":{"line":124,"column":0},"end":{"line":124,"column":14}},"124":{"start":{"line":125,"column":0},"end":{"line":125,"column":2}},"125":{"start":{"line":126,"column":0},"end":{"line":126,"column":3}},"126":{"start":{"line":127,"column":0},"end":{"line":127,"column":20}},"127":{"start":{"line":128,"column":0},"end":{"line":128,"column":3}},"128":{"start":{"line":129,"column":0},"end":{"line":129,"column":16}},"129":{"start":{"line":130,"column":0},"end":{"line":130,"column":16}},"130":{"start":{"line":131,"column":0},"end":{"line":131,"column":21}},"131":{"start":{"line":132,"column":0},"end":{"line":132,"column":17}},"132":{"start":{"line":133,"column":0},"end":{"line":133,"column":25}},"133":{"start":{"line":134,"column":0},"end":{"line":134,"column":33}},"134":{"start":{"line":135,"column":0},"end":{"line":135,"column":6}},"135":{"start":{"line":136,"column":0},"end":{"line":136,"column":15}},"136":{"start":{"line":137,"column":0},"end":{"line":137,"column":134}},"137":{"start":{"line":138,"column":0},"end":{"line":138,"column":24}},"138":{"start":{"line":139,"column":0},"end":{"line":139,"column":6}},"139":{"start":{"line":140,"column":0},"end":{"line":140,"column":15}},"140":{"start":{"line":141,"column":0},"end":{"line":141,"column":29}},"141":{"start":{"line":142,"column":0},"end":{"line":142,"column":6}},"142":{"start":{"line":143,"column":0},"end":{"line":143,"column":22}},"143":{"start":{"line":144,"column":0},"end":{"line":144,"column":7}},"144":{"start":{"line":145,"column":0},"end":{"line":145,"column":27}},"145":{"start":{"line":146,"column":0},"end":{"line":146,"column":27}},"146":{"start":{"line":147,"column":0},"end":{"line":147,"column":22}},"147":{"start":{"line":148,"column":0},"end":{"line":148,"column":8}},"148":{"start":{"line":149,"column":0},"end":{"line":149,"column":7}},"149":{"start":{"line":150,"column":0},"end":{"line":150,"column":27}},"150":{"start":{"line":151,"column":0},"end":{"line":151,"column":39}},"151":{"start":{"line":152,"column":0},"end":{"line":152,"column":7}},"152":{"start":{"line":153,"column":0},"end":{"line":153,"column":6}},"153":{"start":{"line":154,"column":0},"end":{"line":154,"column":26}},"154":{"start":{"line":155,"column":0},"end":{"line":155,"column":145}},"155":{"start":{"line":156,"column":0},"end":{"line":156,"column":26}},"156":{"start":{"line":157,"column":0},"end":{"line":157,"column":4}},"157":{"start":{"line":158,"column":0},"end":{"line":158,"column":23}},"158":{"start":{"line":159,"column":0},"end":{"line":159,"column":24}},"159":{"start":{"line":160,"column":0},"end":{"line":160,"column":33}},"160":{"start":{"line":161,"column":0},"end":{"line":161,"column":4}},"161":{"start":{"line":162,"column":0},"end":{"line":162,"column":33}},"162":{"start":{"line":163,"column":0},"end":{"line":163,"column":28}},"163":{"start":{"line":164,"column":0},"end":{"line":164,"column":62}},"164":{"start":{"line":165,"column":0},"end":{"line":165,"column":22}},"165":{"start":{"line":166,"column":0},"end":{"line":166,"column":8}},"166":{"start":{"line":167,"column":0},"end":{"line":167,"column":4}},"167":{"start":{"line":168,"column":0},"end":{"line":168,"column":33}},"168":{"start":{"line":169,"column":0},"end":{"line":169,"column":24}},"169":{"start":{"line":170,"column":0},"end":{"line":170,"column":11}},"170":{"start":{"line":171,"column":0},"end":{"line":171,"column":14}},"171":{"start":{"line":172,"column":0},"end":{"line":172,"column":37}},"172":{"start":{"line":173,"column":0},"end":{"line":173,"column":21}},"173":{"start":{"line":174,"column":0},"end":{"line":174,"column":7}},"174":{"start":{"line":175,"column":0},"end":{"line":175,"column":5}},"175":{"start":{"line":176,"column":0},"end":{"line":176,"column":4}},"176":{"start":{"line":177,"column":0},"end":{"line":177,"column":879}},"177":{"start":{"line":178,"column":0},"end":{"line":178,"column":89}},"178":{"start":{"line":179,"column":0},"end":{"line":179,"column":20}},"179":{"start":{"line":180,"column":0},"end":{"line":180,"column":1}},"180":{"start":{"line":181,"column":0},"end":{"line":181,"column":0}},"181":{"start":{"line":182,"column":0},"end":{"line":182,"column":24}},"182":{"start":{"line":183,"column":0},"end":{"line":183,"column":0}},"183":{"start":{"line":184,"column":0},"end":{"line":184,"column":26}},"184":{"start":{"line":185,"column":0},"end":{"line":185,"column":60}},"185":{"start":{"line":186,"column":0},"end":{"line":186,"column":28}},"186":{"start":{"line":187,"column":0},"end":{"line":187,"column":23}},"187":{"start":{"line":188,"column":0},"end":{"line":188,"column":13}},"188":{"start":{"line":189,"column":0},"end":{"line":189,"column":3}},"189":{"start":{"line":190,"column":0},"end":{"line":190,"column":2}},"190":{"start":{"line":191,"column":0},"end":{"line":191,"column":62}},"191":{"start":{"line":192,"column":0},"end":{"line":192,"column":76}},"192":{"start":{"line":193,"column":0},"end":{"line":193,"column":27}},"193":{"start":{"line":194,"column":0},"end":{"line":194,"column":0}},"194":{"start":{"line":195,"column":0},"end":{"line":195,"column":60}},"195":{"start":{"line":196,"column":0},"end":{"line":196,"column":25}},"196":{"start":{"line":197,"column":0},"end":{"line":197,"column":1}},"197":{"start":{"line":198,"column":0},"end":{"line":198,"column":0}},"198":{"start":{"line":199,"column":0},"end":{"line":199,"column":2711}},"199":{"start":{"line":200,"column":0},"end":{"line":200,"column":59}},"200":{"start":{"line":201,"column":0},"end":{"line":201,"column":29}},"201":{"start":{"line":202,"column":0},"end":{"line":202,"column":31}},"202":{"start":{"line":203,"column":0},"end":{"line":203,"column":0}},"203":{"start":{"line":204,"column":0},"end":{"line":204,"column":0}},"204":{"start":{"line":205,"column":0},"end":{"line":205,"column":60}},"205":{"start":{"line":206,"column":0},"end":{"line":206,"column":0}},"206":{"start":{"line":207,"column":0},"end":{"line":207,"column":18}},"207":{"start":{"line":208,"column":0},"end":{"line":208,"column":122}},"208":{"start":{"line":209,"column":0},"end":{"line":209,"column":127}},"209":{"start":{"line":210,"column":0},"end":{"line":210,"column":2}},"210":{"start":{"line":211,"column":0},"end":{"line":211,"column":0}},"211":{"start":{"line":212,"column":0},"end":{"line":212,"column":44}},"212":{"start":{"line":213,"column":0},"end":{"line":213,"column":35}},"213":{"start":{"line":214,"column":0},"end":{"line":214,"column":30}},"214":{"start":{"line":215,"column":0},"end":{"line":215,"column":0}},"215":{"start":{"line":216,"column":0},"end":{"line":216,"column":61}},"216":{"start":{"line":217,"column":0},"end":{"line":217,"column":54}},"217":{"start":{"line":218,"column":0},"end":{"line":218,"column":74}},"218":{"start":{"line":219,"column":0},"end":{"line":219,"column":0}},"219":{"start":{"line":220,"column":0},"end":{"line":220,"column":61}},"220":{"start":{"line":221,"column":0},"end":{"line":221,"column":69}},"221":{"start":{"line":222,"column":0},"end":{"line":222,"column":89}},"222":{"start":{"line":223,"column":0},"end":{"line":223,"column":61}},"223":{"start":{"line":224,"column":0},"end":{"line":224,"column":38}},"224":{"start":{"line":225,"column":0},"end":{"line":225,"column":58}}},"s":{"0":1,"1":1,"2":1,"3":1,"4":1,"5":1,"6":1,"7":1,"8":1,"9":1,"10":1,"11":1,"12":1,"13":1,"14":1,"15":1,"16":1,"17":1,"18":1,"19":1,"20":1,"21":1,"22":1,"23":1,"24":1,"25":1,"26":1,"27":1,"28":1,"29":1,"30":1,"31":1,"32":1,"33":1,"34":1,"35":1,"36":1,"37":1,"38":1,"39":1,"40":1,"41":1,"42":1,"43":1,"44":1,"45":1,"46":1,"47":1,"48":1,"49":1,"50":1,"51":1,"52":1,"53":1,"54":1,"55":1,"56":1,"57":1,"58":1,"59":1,"60":1,"61":1,"62":1,"63":1,"64":1,"65":1,"66":1,"67":1,"68":1,"69":1,"70":1,"71":1,"72":1,"73":1,"74":1,"75":1,"76":1,"77":1,"78":1,"79":1,"80":1,"81":1,"82":1,"83":1,"84":1,"85":1,"86":1,"87":1,"88":1,"89":1,"90":1,"91":1,"92":1,"93":1,"94":1,"95":1,"96":1,"97":1,"98":1,"99":1,"100":1,"101":1,"102":1,"103":1,"104":1,"105":1,"106":1,"107":1,"108":1,"109":1,"110":1,"111":1,"112":1,"113":1,"114":1,"115":1,"116":1,"117":1,"118":1,"119":1,"120":1,"121":1,"122":1,"123":1,"124":1,"125":1,"126":1,"127":1,"128":1,"129":1,"130":1,"131":1,"132":1,"133":1,"134":1,"135":1,"136":1,"137":1,"138":1,"139":1,"140":1,"141":1,"142":1,"143":1,"144":1,"145":1,"146":1,"147":1,"148":1,"149":1,"150":1,"151":1,"152":1,"153":1,"154":1,"155":1,"156":1,"157":1,"158":1,"159":1,"160":1,"161":1,"162":1,"163":1,"164":1,"165":1,"166":1,"167":1,"168":1,"169":1,"170":1,"171":1,"172":1,"173":1,"174":1,"175":1,"176":1,"177":1,"178":1,"179":1,"180":1,"181":1,"182":1,"183":1,"184":1,"185":0,"186":0,"187":0,"188":0,"189":0,"190":0,"191":0,"192":0,"193":0,"194":0,"195":0,"196":0,"197":1,"198":1,"199":1,"200":1,"201":1,"202":1,"203":1,"204":1,"205":1,"206":1,"207":1,"208":1,"209":1,"210":1,"211":1,"212":1,"213":1,"214":1,"215":1,"216":1,"217":1,"218":1,"219":1,"220":1,"221":1,"222":1,"223":1,"224":1},"branchMap":{"0":{"type":"branch","line":185,"loc":{"start":{"line":185,"column":59},"end":{"line":197,"column":1}},"locations":[{"start":{"line":185,"column":59},"end":{"line":197,"column":1}}]},"1":{"type":"branch","line":208,"loc":{"start":{"line":208,"column":52},"end":{"line":208,"column":121}},"locations":[{"start":{"line":208,"column":52},"end":{"line":208,"column":121}}]}},"b":{"0":[0],"1":[0]},"fnMap":{},"f":{}}
,"C:\\Users\\donza\\OneDrive\\Bureau\\TRAVAIL\\ANNÉE 3\\R5.06 - Développement back avancé\\TP1_Chat\\generated\\prisma\\runtime\\library.js": {"path":"C:\\Users\\donza\\OneDrive\\Bureau\\TRAVAIL\\ANNÉE 3\\R5.06 - Développement back avancé\\TP1_Chat\\generated\\prisma\\runtime\\library.js","all":false,"statementMap":{"0":{"start":{"line":1,"column":0},"end":{"line":1,"column":0}},"1":{"start":{"line":2,"column":0},"end":{"line":2,"column":66}},"2":{"start":{"line":3,"column":0},"end":{"line":3,"column":20}},"3":{"start":{"line":4,"column":0},"end":{"line":4,"column":9434}},"4":{"start":{"line":5,"column":0},"end":{"line":5,"column":154}},"5":{"start":{"line":6,"column":0},"end":{"line":6,"column":9213}},"6":{"start":{"line":7,"column":0},"end":{"line":7,"column":8450}},"7":{"start":{"line":8,"column":0},"end":{"line":8,"column":3545}},"8":{"start":{"line":9,"column":0},"end":{"line":9,"column":10686}},"9":{"start":{"line":10,"column":0},"end":{"line":10,"column":4}},"10":{"start":{"line":11,"column":0},"end":{"line":11,"column":0}},"11":{"start":{"line":12,"column":0},"end":{"line":12,"column":699}},"12":{"start":{"line":13,"column":0},"end":{"line":13,"column":26}},"13":{"start":{"line":14,"column":0},"end":{"line":14,"column":315}},"14":{"start":{"line":15,"column":0},"end":{"line":15,"column":2001}},"15":{"start":{"line":16,"column":0},"end":{"line":16,"column":467}},"16":{"start":{"line":17,"column":0},"end":{"line":17,"column":21}},"17":{"start":{"line":18,"column":0},"end":{"line":18,"column":30}},"18":{"start":{"line":19,"column":0},"end":{"line":19,"column":3}},"19":{"start":{"line":20,"column":0},"end":{"line":20,"column":0}},"20":{"start":{"line":21,"column":0},"end":{"line":21,"column":83}},"21":{"start":{"line":22,"column":0},"end":{"line":22,"column":140}},"22":{"start":{"line":23,"column":0},"end":{"line":23,"column":53}},"23":{"start":{"line":24,"column":0},"end":{"line":24,"column":44701}},"24":{"start":{"line":25,"column":0},"end":{"line":25,"column":31}},"25":{"start":{"line":26,"column":0},"end":{"line":26,"column":85}},"26":{"start":{"line":27,"column":0},"end":{"line":27,"column":39}},"27":{"start":{"line":28,"column":0},"end":{"line":28,"column":2005}},"28":{"start":{"line":29,"column":0},"end":{"line":29,"column":2473}},"29":{"start":{"line":30,"column":0},"end":{"line":30,"column":5375}},"30":{"start":{"line":31,"column":0},"end":{"line":31,"column":9543}},"31":{"start":{"line":32,"column":0},"end":{"line":32,"column":16591}},"32":{"start":{"line":33,"column":0},"end":{"line":33,"column":167}},"33":{"start":{"line":34,"column":0},"end":{"line":34,"column":10969}},"34":{"start":{"line":35,"column":0},"end":{"line":35,"column":0}},"35":{"start":{"line":36,"column":0},"end":{"line":36,"column":1247}},"36":{"start":{"line":37,"column":0},"end":{"line":37,"column":0}},"37":{"start":{"line":38,"column":0},"end":{"line":38,"column":376}},"38":{"start":{"line":39,"column":0},"end":{"line":39,"column":41}},"39":{"start":{"line":40,"column":0},"end":{"line":40,"column":64}},"40":{"start":{"line":41,"column":0},"end":{"line":41,"column":0}},"41":{"start":{"line":42,"column":0},"end":{"line":42,"column":105}},"42":{"start":{"line":43,"column":0},"end":{"line":43,"column":8}},"43":{"start":{"line":44,"column":0},"end":{"line":44,"column":0}},"44":{"start":{"line":45,"column":0},"end":{"line":45,"column":113}},"45":{"start":{"line":46,"column":0},"end":{"line":46,"column":148}},"46":{"start":{"line":47,"column":0},"end":{"line":47,"column":0}},"47":{"start":{"line":48,"column":0},"end":{"line":48,"column":173}},"48":{"start":{"line":49,"column":0},"end":{"line":49,"column":0}},"49":{"start":{"line":50,"column":0},"end":{"line":50,"column":91}},"50":{"start":{"line":51,"column":0},"end":{"line":51,"column":84}},"51":{"start":{"line":52,"column":0},"end":{"line":52,"column":0}},"52":{"start":{"line":53,"column":0},"end":{"line":53,"column":47}},"53":{"start":{"line":54,"column":0},"end":{"line":54,"column":0}},"54":{"start":{"line":55,"column":0},"end":{"line":55,"column":116}},"55":{"start":{"line":56,"column":0},"end":{"line":56,"column":0}},"56":{"start":{"line":57,"column":0},"end":{"line":57,"column":122}},"57":{"start":{"line":58,"column":0},"end":{"line":58,"column":8}},"58":{"start":{"line":59,"column":0},"end":{"line":59,"column":0}},"59":{"start":{"line":60,"column":0},"end":{"line":60,"column":73}},"60":{"start":{"line":61,"column":0},"end":{"line":61,"column":0}},"61":{"start":{"line":62,"column":0},"end":{"line":62,"column":85}},"62":{"start":{"line":63,"column":0},"end":{"line":63,"column":99}},"63":{"start":{"line":64,"column":0},"end":{"line":64,"column":0}},"64":{"start":{"line":65,"column":0},"end":{"line":65,"column":47}},"65":{"start":{"line":66,"column":0},"end":{"line":66,"column":0}},"66":{"start":{"line":67,"column":0},"end":{"line":67,"column":1530}},"67":{"start":{"line":68,"column":0},"end":{"line":68,"column":136}},"68":{"start":{"line":69,"column":0},"end":{"line":69,"column":340}},"69":{"start":{"line":70,"column":0},"end":{"line":70,"column":6}},"70":{"start":{"line":71,"column":0},"end":{"line":71,"column":4}},"71":{"start":{"line":72,"column":0},"end":{"line":72,"column":95}},"72":{"start":{"line":73,"column":0},"end":{"line":73,"column":11}},"73":{"start":{"line":74,"column":0},"end":{"line":74,"column":0}},"74":{"start":{"line":75,"column":0},"end":{"line":75,"column":40}},"75":{"start":{"line":76,"column":0},"end":{"line":76,"column":40}},"76":{"start":{"line":77,"column":0},"end":{"line":77,"column":52}},"77":{"start":{"line":78,"column":0},"end":{"line":78,"column":37}},"78":{"start":{"line":79,"column":0},"end":{"line":79,"column":37}},"79":{"start":{"line":80,"column":0},"end":{"line":80,"column":37}},"80":{"start":{"line":81,"column":0},"end":{"line":81,"column":37}},"81":{"start":{"line":82,"column":0},"end":{"line":82,"column":0}},"82":{"start":{"line":83,"column":0},"end":{"line":83,"column":4}},"83":{"start":{"line":84,"column":0},"end":{"line":84,"column":0}},"84":{"start":{"line":85,"column":0},"end":{"line":85,"column":7}},"85":{"start":{"line":86,"column":0},"end":{"line":86,"column":6}},"86":{"start":{"line":87,"column":0},"end":{"line":87,"column":4}},"87":{"start":{"line":88,"column":0},"end":{"line":88,"column":6}},"88":{"start":{"line":89,"column":0},"end":{"line":89,"column":0}},"89":{"start":{"line":90,"column":0},"end":{"line":90,"column":17}},"90":{"start":{"line":91,"column":0},"end":{"line":91,"column":8}},"91":{"start":{"line":92,"column":0},"end":{"line":92,"column":37}},"92":{"start":{"line":93,"column":0},"end":{"line":93,"column":6}},"93":{"start":{"line":94,"column":0},"end":{"line":94,"column":0}},"94":{"start":{"line":95,"column":0},"end":{"line":95,"column":9}},"95":{"start":{"line":96,"column":0},"end":{"line":96,"column":12}},"96":{"start":{"line":97,"column":0},"end":{"line":97,"column":42}},"97":{"start":{"line":98,"column":0},"end":{"line":98,"column":6}},"98":{"start":{"line":99,"column":0},"end":{"line":99,"column":0}},"99":{"start":{"line":100,"column":0},"end":{"line":100,"column":22}},"100":{"start":{"line":101,"column":0},"end":{"line":101,"column":6}},"101":{"start":{"line":102,"column":0},"end":{"line":102,"column":13}},"102":{"start":{"line":103,"column":0},"end":{"line":103,"column":6}},"103":{"start":{"line":104,"column":0},"end":{"line":104,"column":37}},"104":{"start":{"line":105,"column":0},"end":{"line":105,"column":0}},"105":{"start":{"line":106,"column":0},"end":{"line":106,"column":96}},"106":{"start":{"line":107,"column":0},"end":{"line":107,"column":0}},"107":{"start":{"line":108,"column":0},"end":{"line":108,"column":7}},"108":{"start":{"line":109,"column":0},"end":{"line":109,"column":0}},"109":{"start":{"line":110,"column":0},"end":{"line":110,"column":81}},"110":{"start":{"line":111,"column":0},"end":{"line":111,"column":75}},"111":{"start":{"line":112,"column":0},"end":{"line":112,"column":41}},"112":{"start":{"line":113,"column":0},"end":{"line":113,"column":9439}},"113":{"start":{"line":114,"column":0},"end":{"line":114,"column":12285}},"114":{"start":{"line":115,"column":0},"end":{"line":115,"column":4838}},"115":{"start":{"line":116,"column":0},"end":{"line":116,"column":1862}},"116":{"start":{"line":117,"column":0},"end":{"line":117,"column":3255}},"117":{"start":{"line":118,"column":0},"end":{"line":118,"column":185}},"118":{"start":{"line":119,"column":0},"end":{"line":119,"column":0}},"119":{"start":{"line":120,"column":0},"end":{"line":120,"column":8}},"120":{"start":{"line":121,"column":0},"end":{"line":121,"column":84}},"121":{"start":{"line":122,"column":0},"end":{"line":122,"column":0}},"122":{"start":{"line":123,"column":0},"end":{"line":123,"column":47}},"123":{"start":{"line":124,"column":0},"end":{"line":124,"column":8716}},"124":{"start":{"line":125,"column":0},"end":{"line":125,"column":936}},"125":{"start":{"line":126,"column":0},"end":{"line":126,"column":236}},"126":{"start":{"line":127,"column":0},"end":{"line":127,"column":186}},"127":{"start":{"line":128,"column":0},"end":{"line":128,"column":838}},"128":{"start":{"line":129,"column":0},"end":{"line":129,"column":3917}},"129":{"start":{"line":130,"column":0},"end":{"line":130,"column":0}},"130":{"start":{"line":131,"column":0},"end":{"line":131,"column":4}},"131":{"start":{"line":132,"column":0},"end":{"line":132,"column":0}},"132":{"start":{"line":133,"column":0},"end":{"line":133,"column":10506}},"133":{"start":{"line":134,"column":0},"end":{"line":134,"column":1476}},"134":{"start":{"line":135,"column":0},"end":{"line":135,"column":32}},"135":{"start":{"line":136,"column":0},"end":{"line":136,"column":0}},"136":{"start":{"line":137,"column":0},"end":{"line":137,"column":23}},"137":{"start":{"line":138,"column":0},"end":{"line":138,"column":5}},"138":{"start":{"line":139,"column":0},"end":{"line":139,"column":24}},"139":{"start":{"line":140,"column":0},"end":{"line":140,"column":57}},"140":{"start":{"line":141,"column":0},"end":{"line":141,"column":43}},"141":{"start":{"line":142,"column":0},"end":{"line":142,"column":63}},"142":{"start":{"line":143,"column":0},"end":{"line":143,"column":17}},"143":{"start":{"line":144,"column":0},"end":{"line":144,"column":5}},"144":{"start":{"line":145,"column":0},"end":{"line":145,"column":2}},"145":{"start":{"line":146,"column":0},"end":{"line":146,"column":35}}},"s":{"0":1,"1":1,"2":1,"3":1,"4":2,"5":1,"6":1,"7":1,"8":1,"9":0,"10":0,"11":1,"12":0,"13":1,"14":1,"15":1,"16":0,"17":0,"18":0,"19":0,"20":0,"21":0,"22":0,"23":1,"24":0,"25":0,"26":0,"27":1,"28":1,"29":1,"30":1,"31":1,"32":1,"33":1,"34":0,"35":1,"36":0,"37":1,"38":0,"39":1,"40":0,"41":0,"42":0,"43":0,"44":1,"45":1,"46":0,"47":1,"48":0,"49":0,"50":0,"51":0,"52":0,"53":0,"54":1,"55":0,"56":0,"57":0,"58":0,"59":1,"60":0,"61":0,"62":0,"63":0,"64":0,"65":0,"66":1,"67":0,"68":1,"69":0,"70":0,"71":0,"72":0,"73":0,"74":0,"75":0,"76":0,"77":0,"78":0,"79":0,"80":0,"81":0,"82":0,"83":0,"84":0,"85":0,"86":0,"87":0,"88":0,"89":0,"90":0,"91":0,"92":0,"93":0,"94":0,"95":0,"96":0,"97":0,"98":0,"99":0,"100":0,"101":0,"102":0,"103":0,"104":0,"105":0,"106":0,"107":0,"108":0,"109":0,"110":0,"111":0,"112":1,"113":1,"114":1,"115":1,"116":1,"117":0,"118":0,"119":0,"120":0,"121":0,"122":0,"123":1,"124":1,"125":0,"126":0,"127":1,"128":1,"129":0,"130":0,"131":0,"132":1,"133":1,"134":1,"135":1,"136":1,"137":1,"138":1,"139":1,"140":1,"141":1,"142":1,"143":1,"144":1,"145":1},"branchMap":{"0":{"type":"branch","line":6,"loc":{"start":{"line":6,"column":7073},"end":{"line":6,"column":7077}},"locations":[{"start":{"line":6,"column":7073},"end":{"line":6,"column":7077}}]},"1":{"type":"branch","line":6,"loc":{"start":{"line":6,"column":7172},"end":{"line":6,"column":7182}},"locations":[{"start":{"line":6,"column":7172},"end":{"line":6,"column":7182}}]},"2":{"type":"branch","line":6,"loc":{"start":{"line":6,"column":7792},"end":{"line":6,"column":7795}},"locations":[{"start":{"line":6,"column":7792},"end":{"line":6,"column":7795}}]},"3":{"type":"branch","line":6,"loc":{"start":{"line":6,"column":7869},"end":{"line":6,"column":7894}},"locations":[{"start":{"line":6,"column":7869},"end":{"line":6,"column":7894}}]},"4":{"type":"branch","line":9,"loc":{"start":{"line":9,"column":1852},"end":{"line":9,"column":1862}},"locations":[{"start":{"line":9,"column":1852},"end":{"line":9,"column":1862}}]},"5":{"type":"branch","line":9,"loc":{"start":{"line":9,"column":1983},"end":{"line":9,"column":1998}},"locations":[{"start":{"line":9,"column":1983},"end":{"line":9,"column":1998}}]},"6":{"type":"branch","line":9,"loc":{"start":{"line":9,"column":2149},"end":{"line":9,"column":2190}},"locations":[{"start":{"line":9,"column":2149},"end":{"line":9,"column":2190}}]},"7":{"type":"branch","line":9,"loc":{"start":{"line":9,"column":2231},"end":{"line":9,"column":2281}},"locations":[{"start":{"line":9,"column":2231},"end":{"line":9,"column":2281}}]},"8":{"type":"branch","line":9,"loc":{"start":{"line":9,"column":2319},"end":{"line":9,"column":2366}},"locations":[{"start":{"line":9,"column":2319},"end":{"line":9,"column":2366}}]},"9":{"type":"branch","line":9,"loc":{"start":{"line":9,"column":2405},"end":{"line":9,"column":2453}},"locations":[{"start":{"line":9,"column":2405},"end":{"line":9,"column":2453}}]},"10":{"type":"branch","line":9,"loc":{"start":{"line":9,"column":2492},"end":{"line":9,"column":2502}},"locations":[{"start":{"line":9,"column":2492},"end":{"line":9,"column":2502}}]},"11":{"type":"branch","line":9,"loc":{"start":{"line":9,"column":2721},"end":{"line":9,"column":2761}},"locations":[{"start":{"line":9,"column":2721},"end":{"line":9,"column":2761}}]},"12":{"type":"branch","line":9,"loc":{"start":{"line":9,"column":2993},"end":{"line":9,"column":3033}},"locations":[{"start":{"line":9,"column":2993},"end":{"line":9,"column":3033}}]},"13":{"type":"branch","line":9,"loc":{"start":{"line":9,"column":3396},"end":{"line":9,"column":3477}},"locations":[{"start":{"line":9,"column":3396},"end":{"line":9,"column":3477}}]},"14":{"type":"branch","line":9,"loc":{"start":{"line":9,"column":3896},"end":{"line":9,"column":3904}},"locations":[{"start":{"line":9,"column":3896},"end":{"line":9,"column":3904}}]},"15":{"type":"branch","line":9,"loc":{"start":{"line":9,"column":3916},"end":{"line":9,"column":3924}},"locations":[{"start":{"line":9,"column":3916},"end":{"line":9,"column":3924}}]},"16":{"type":"branch","line":9,"loc":{"start":{"line":9,"column":4168},"end":{"line":9,"column":4187}},"locations":[{"start":{"line":9,"column":4168},"end":{"line":9,"column":4187}}]},"17":{"type":"branch","line":24,"loc":{"start":{"line":24,"column":36397},"end":{"line":24,"column":36414}},"locations":[{"start":{"line":24,"column":36397},"end":{"line":24,"column":36414}}]},"18":{"type":"branch","line":24,"loc":{"start":{"line":24,"column":36451},"end":{"line":24,"column":36489}},"locations":[{"start":{"line":24,"column":36451},"end":{"line":24,"column":36489}}]},"19":{"type":"branch","line":24,"loc":{"start":{"line":24,"column":42776},"end":{"line":24,"column":42834}},"locations":[{"start":{"line":24,"column":42776},"end":{"line":24,"column":42834}}]},"20":{"type":"branch","line":134,"loc":{"start":{"line":134,"column":999},"end":{"line":134,"column":1475}},"locations":[{"start":{"line":134,"column":999},"end":{"line":134,"column":1475}}]},"21":{"type":"branch","line":4,"loc":{"start":{"line":4,"column":207},"end":{"line":4,"column":235}},"locations":[{"start":{"line":4,"column":207},"end":{"line":4,"column":235}}]},"22":{"type":"branch","line":4,"loc":{"start":{"line":4,"column":214},"end":{"line":4,"column":235}},"locations":[{"start":{"line":4,"column":214},"end":{"line":4,"column":235}}]},"23":{"type":"branch","line":4,"loc":{"start":{"line":4,"column":243},"end":{"line":4,"column":298}},"locations":[{"start":{"line":4,"column":243},"end":{"line":4,"column":298}}]},"24":{"type":"branch","line":4,"loc":{"start":{"line":4,"column":250},"end":{"line":4,"column":298}},"locations":[{"start":{"line":4,"column":250},"end":{"line":4,"column":298}}]},"25":{"type":"branch","line":4,"loc":{"start":{"line":4,"column":256},"end":{"line":4,"column":287}},"locations":[{"start":{"line":4,"column":256},"end":{"line":4,"column":287}}]},"26":{"type":"branch","line":4,"loc":{"start":{"line":4,"column":302},"end":{"line":4,"column":358}},"locations":[{"start":{"line":4,"column":302},"end":{"line":4,"column":358}}]},"27":{"type":"branch","line":4,"loc":{"start":{"line":4,"column":325},"end":{"line":4,"column":358}},"locations":[{"start":{"line":4,"column":325},"end":{"line":4,"column":358}}]},"28":{"type":"branch","line":4,"loc":{"start":{"line":4,"column":362},"end":{"line":4,"column":532}},"locations":[{"start":{"line":4,"column":362},"end":{"line":4,"column":532}}]},"29":{"type":"branch","line":4,"loc":{"start":{"line":4,"column":398},"end":{"line":4,"column":420}},"locations":[{"start":{"line":4,"column":398},"end":{"line":4,"column":420}}]},"30":{"type":"branch","line":4,"loc":{"start":{"line":4,"column":440},"end":{"line":4,"column":523}},"locations":[{"start":{"line":4,"column":440},"end":{"line":4,"column":523}}]},"31":{"type":"branch","line":4,"loc":{"start":{"line":4,"column":453},"end":{"line":4,"column":460}},"locations":[{"start":{"line":4,"column":453},"end":{"line":4,"column":460}}]},"32":{"type":"branch","line":4,"loc":{"start":{"line":4,"column":460},"end":{"line":4,"column":522}},"locations":[{"start":{"line":4,"column":460},"end":{"line":4,"column":522}}]},"33":{"type":"branch","line":4,"loc":{"start":{"line":4,"column":474},"end":{"line":4,"column":482}},"locations":[{"start":{"line":4,"column":474},"end":{"line":4,"column":482}}]},"34":{"type":"branch","line":4,"loc":{"start":{"line":4,"column":539},"end":{"line":4,"column":641}},"locations":[{"start":{"line":4,"column":539},"end":{"line":4,"column":641}}]},"35":{"type":"branch","line":4,"loc":{"start":{"line":4,"column":568},"end":{"line":4,"column":571}},"locations":[{"start":{"line":4,"column":568},"end":{"line":4,"column":571}}]},"36":{"type":"branch","line":4,"loc":{"start":{"line":4,"column":576},"end":{"line":4,"column":580}},"locations":[{"start":{"line":4,"column":576},"end":{"line":4,"column":580}}]},"37":{"type":"branch","line":4,"loc":{"start":{"line":4,"column":580},"end":{"line":4,"column":595}},"locations":[{"start":{"line":4,"column":580},"end":{"line":4,"column":595}}]},"38":{"type":"branch","line":4,"loc":{"start":{"line":4,"column":595},"end":{"line":4,"column":635}},"locations":[{"start":{"line":4,"column":595},"end":{"line":4,"column":635}}]},"39":{"type":"branch","line":4,"loc":{"start":{"line":4,"column":635},"end":{"line":4,"column":637}},"locations":[{"start":{"line":4,"column":635},"end":{"line":4,"column":637}}]},"40":{"type":"branch","line":4,"loc":{"start":{"line":4,"column":645},"end":{"line":4,"column":684}},"locations":[{"start":{"line":4,"column":645},"end":{"line":4,"column":684}}]},"41":{"type":"branch","line":4,"loc":{"start":{"line":4,"column":695},"end":{"line":4,"column":865}},"locations":[{"start":{"line":4,"column":695},"end":{"line":4,"column":865}}]},"42":{"type":"branch","line":4,"loc":{"start":{"line":4,"column":729},"end":{"line":4,"column":863}},"locations":[{"start":{"line":4,"column":729},"end":{"line":4,"column":863}}]},"43":{"type":"branch","line":4,"loc":{"start":{"line":4,"column":773},"end":{"line":4,"column":776}},"locations":[{"start":{"line":4,"column":773},"end":{"line":4,"column":776}}]},"44":{"type":"branch","line":4,"loc":{"start":{"line":4,"column":789},"end":{"line":4,"column":793}},"locations":[{"start":{"line":4,"column":789},"end":{"line":4,"column":793}}]},"45":{"type":"branch","line":4,"loc":{"start":{"line":4,"column":847},"end":{"line":4,"column":862}},"locations":[{"start":{"line":4,"column":847},"end":{"line":4,"column":862}}]},"46":{"type":"branch","line":4,"loc":{"start":{"line":4,"column":876},"end":{"line":4,"column":2400}},"locations":[{"start":{"line":4,"column":876},"end":{"line":4,"column":2400}}]},"47":{"type":"branch","line":4,"loc":{"start":{"line":4,"column":1044},"end":{"line":4,"column":1049}},"locations":[{"start":{"line":4,"column":1044},"end":{"line":4,"column":1049}}]},"48":{"type":"branch","line":4,"loc":{"start":{"line":4,"column":1114},"end":{"line":4,"column":1123}},"locations":[{"start":{"line":4,"column":1114},"end":{"line":4,"column":1123}}]},"49":{"type":"branch","line":4,"loc":{"start":{"line":4,"column":1141},"end":{"line":4,"column":1270}},"locations":[{"start":{"line":4,"column":1141},"end":{"line":4,"column":1270}}]},"50":{"type":"branch","line":4,"loc":{"start":{"line":4,"column":1271},"end":{"line":4,"column":1348}},"locations":[{"start":{"line":4,"column":1271},"end":{"line":4,"column":1348}}]},"51":{"type":"branch","line":4,"loc":{"start":{"line":4,"column":1298},"end":{"line":4,"column":1301}},"locations":[{"start":{"line":4,"column":1298},"end":{"line":4,"column":1301}}]},"52":{"type":"branch","line":4,"loc":{"start":{"line":4,"column":1348},"end":{"line":4,"column":2256}},"locations":[{"start":{"line":4,"column":1348},"end":{"line":4,"column":2256}}]},"53":{"type":"branch","line":4,"loc":{"start":{"line":4,"column":1375},"end":{"line":4,"column":1384}},"locations":[{"start":{"line":4,"column":1375},"end":{"line":4,"column":1384}}]},"54":{"type":"branch","line":4,"loc":{"start":{"line":4,"column":1444},"end":{"line":4,"column":1453}},"locations":[{"start":{"line":4,"column":1444},"end":{"line":4,"column":1453}}]},"55":{"type":"branch","line":4,"loc":{"start":{"line":4,"column":1472},"end":{"line":4,"column":1481}},"locations":[{"start":{"line":4,"column":1472},"end":{"line":4,"column":1481}}]},"56":{"type":"branch","line":4,"loc":{"start":{"line":4,"column":1489},"end":{"line":4,"column":1502}},"locations":[{"start":{"line":4,"column":1489},"end":{"line":4,"column":1502}}]},"57":{"type":"branch","line":4,"loc":{"start":{"line":4,"column":1503},"end":{"line":4,"column":1512}},"locations":[{"start":{"line":4,"column":1503},"end":{"line":4,"column":1512}}]},"58":{"type":"branch","line":4,"loc":{"start":{"line":4,"column":1543},"end":{"line":4,"column":1552}},"locations":[{"start":{"line":4,"column":1543},"end":{"line":4,"column":1552}}]},"59":{"type":"branch","line":4,"loc":{"start":{"line":4,"column":1679},"end":{"line":4,"column":1681}},"locations":[{"start":{"line":4,"column":1679},"end":{"line":4,"column":1681}}]},"60":{"type":"branch","line":4,"loc":{"start":{"line":4,"column":1681},"end":{"line":4,"column":1683}},"locations":[{"start":{"line":4,"column":1681},"end":{"line":4,"column":1683}}]},"61":{"type":"branch","line":4,"loc":{"start":{"line":4,"column":1683},"end":{"line":4,"column":2159}},"locations":[{"start":{"line":4,"column":1683},"end":{"line":4,"column":2159}}]},"62":{"type":"branch","line":4,"loc":{"start":{"line":4,"column":2159},"end":{"line":4,"column":2255}},"locations":[{"start":{"line":4,"column":2159},"end":{"line":4,"column":2255}}]},"63":{"type":"branch","line":4,"loc":{"start":{"line":4,"column":2256},"end":{"line":4,"column":2307}},"locations":[{"start":{"line":4,"column":2256},"end":{"line":4,"column":2307}}]},"64":{"type":"branch","line":4,"loc":{"start":{"line":4,"column":2411},"end":{"line":4,"column":3570}},"locations":[{"start":{"line":4,"column":2411},"end":{"line":4,"column":3570}}]},"65":{"type":"branch","line":4,"loc":{"start":{"line":4,"column":2683},"end":{"line":4,"column":3483}},"locations":[{"start":{"line":4,"column":2683},"end":{"line":4,"column":3483}}]},"66":{"type":"branch","line":4,"loc":{"start":{"line":4,"column":2831},"end":{"line":4,"column":2871}},"locations":[{"start":{"line":4,"column":2831},"end":{"line":4,"column":2871}}]},"67":{"type":"branch","line":4,"loc":{"start":{"line":4,"column":2960},"end":{"line":4,"column":2969}},"locations":[{"start":{"line":4,"column":2960},"end":{"line":4,"column":2969}}]},"68":{"type":"branch","line":4,"loc":{"start":{"line":4,"column":3020},"end":{"line":4,"column":3029}},"locations":[{"start":{"line":4,"column":3020},"end":{"line":4,"column":3029}}]},"69":{"type":"branch","line":4,"loc":{"start":{"line":4,"column":3066},"end":{"line":4,"column":3075}},"locations":[{"start":{"line":4,"column":3066},"end":{"line":4,"column":3075}}]},"70":{"type":"branch","line":4,"loc":{"start":{"line":4,"column":3105},"end":{"line":4,"column":3114}},"locations":[{"start":{"line":4,"column":3105},"end":{"line":4,"column":3114}}]},"71":{"type":"branch","line":4,"loc":{"start":{"line":4,"column":3143},"end":{"line":4,"column":3146}},"locations":[{"start":{"line":4,"column":3143},"end":{"line":4,"column":3146}}]},"72":{"type":"branch","line":4,"loc":{"start":{"line":4,"column":3146},"end":{"line":4,"column":3149}},"locations":[{"start":{"line":4,"column":3146},"end":{"line":4,"column":3149}}]},"73":{"type":"branch","line":4,"loc":{"start":{"line":4,"column":3158},"end":{"line":4,"column":3474}},"locations":[{"start":{"line":4,"column":3158},"end":{"line":4,"column":3474}}]},"74":{"type":"branch","line":4,"loc":{"start":{"line":4,"column":3473},"end":{"line":4,"column":3483}},"locations":[{"start":{"line":4,"column":3473},"end":{"line":4,"column":3483}}]},"75":{"type":"branch","line":4,"loc":{"start":{"line":4,"column":3581},"end":{"line":4,"column":5990}},"locations":[{"start":{"line":4,"column":3581},"end":{"line":4,"column":5990}}]},"76":{"type":"branch","line":4,"loc":{"start":{"line":4,"column":6001},"end":{"line":4,"column":6514}},"locations":[{"start":{"line":4,"column":6001},"end":{"line":4,"column":6514}}]},"77":{"type":"branch","line":4,"loc":{"start":{"line":4,"column":6525},"end":{"line":4,"column":6664}},"locations":[{"start":{"line":4,"column":6525},"end":{"line":4,"column":6664}}]},"78":{"type":"branch","line":4,"loc":{"start":{"line":4,"column":6675},"end":{"line":4,"column":6801}},"locations":[{"start":{"line":4,"column":6675},"end":{"line":4,"column":6801}}]},"79":{"type":"branch","line":4,"loc":{"start":{"line":4,"column":6812},"end":{"line":4,"column":7339}},"locations":[{"start":{"line":4,"column":6812},"end":{"line":4,"column":7339}}]},"80":{"type":"branch","line":4,"loc":{"start":{"line":4,"column":7350},"end":{"line":4,"column":7648}},"locations":[{"start":{"line":4,"column":7350},"end":{"line":4,"column":7648}}]},"81":{"type":"branch","line":4,"loc":{"start":{"line":4,"column":7659},"end":{"line":4,"column":7749}},"locations":[{"start":{"line":4,"column":7659},"end":{"line":4,"column":7749}}]},"82":{"type":"branch","line":4,"loc":{"start":{"line":4,"column":7760},"end":{"line":4,"column":9072}},"locations":[{"start":{"line":4,"column":7760},"end":{"line":4,"column":9072}}]},"83":{"type":"branch","line":4,"loc":{"start":{"line":4,"column":9083},"end":{"line":6,"column":4150}},"locations":[{"start":{"line":4,"column":9083},"end":{"line":6,"column":4150}}]},"84":{"type":"branch","line":4,"loc":{"start":{"line":4,"column":9372},"end":{"line":6,"column":45}},"locations":[{"start":{"line":4,"column":9372},"end":{"line":6,"column":45}}]},"85":{"type":"branch","line":5,"loc":{"start":{"line":5,"column":36},"end":{"line":6,"column":36}},"locations":[{"start":{"line":5,"column":36},"end":{"line":6,"column":36}}]},"86":{"type":"branch","line":5,"loc":{"start":{"line":5,"column":54},"end":{"line":5,"column":58}},"locations":[{"start":{"line":5,"column":54},"end":{"line":5,"column":58}}]},"87":{"type":"branch","line":6,"loc":{"start":{"line":6,"column":500},"end":{"line":6,"column":656}},"locations":[{"start":{"line":6,"column":500},"end":{"line":6,"column":656}}]},"88":{"type":"branch","line":6,"loc":{"start":{"line":6,"column":537},"end":{"line":6,"column":560}},"locations":[{"start":{"line":6,"column":537},"end":{"line":6,"column":560}}]},"89":{"type":"branch","line":6,"loc":{"start":{"line":6,"column":560},"end":{"line":6,"column":573}},"locations":[{"start":{"line":6,"column":560},"end":{"line":6,"column":573}}]},"90":{"type":"branch","line":6,"loc":{"start":{"line":6,"column":596},"end":{"line":6,"column":629}},"locations":[{"start":{"line":6,"column":596},"end":{"line":6,"column":629}}]},"91":{"type":"branch","line":6,"loc":{"start":{"line":6,"column":629},"end":{"line":6,"column":652}},"locations":[{"start":{"line":6,"column":629},"end":{"line":6,"column":652}}]},"92":{"type":"branch","line":6,"loc":{"start":{"line":6,"column":1734},"end":{"line":6,"column":1802}},"locations":[{"start":{"line":6,"column":1734},"end":{"line":6,"column":1802}}]},"93":{"type":"branch","line":6,"loc":{"start":{"line":6,"column":1766},"end":{"line":6,"column":1799}},"locations":[{"start":{"line":6,"column":1766},"end":{"line":6,"column":1799}}]},"94":{"type":"branch","line":6,"loc":{"start":{"line":6,"column":1990},"end":{"line":6,"column":2530}},"locations":[{"start":{"line":6,"column":1990},"end":{"line":6,"column":2530}}]},"95":{"type":"branch","line":6,"loc":{"start":{"line":6,"column":2083},"end":{"line":6,"column":2096}},"locations":[{"start":{"line":6,"column":2083},"end":{"line":6,"column":2096}}]},"96":{"type":"branch","line":6,"loc":{"start":{"line":6,"column":2098},"end":{"line":6,"column":2156}},"locations":[{"start":{"line":6,"column":2098},"end":{"line":6,"column":2156}}]},"97":{"type":"branch","line":6,"loc":{"start":{"line":6,"column":2221},"end":{"line":6,"column":2265}},"locations":[{"start":{"line":6,"column":2221},"end":{"line":6,"column":2265}}]},"98":{"type":"branch","line":6,"loc":{"start":{"line":6,"column":2360},"end":{"line":6,"column":2415}},"locations":[{"start":{"line":6,"column":2360},"end":{"line":6,"column":2415}}]},"99":{"type":"branch","line":6,"loc":{"start":{"line":6,"column":2461},"end":{"line":6,"column":2479}},"locations":[{"start":{"line":6,"column":2461},"end":{"line":6,"column":2479}}]},"100":{"type":"branch","line":6,"loc":{"start":{"line":6,"column":2499},"end":{"line":6,"column":2518}},"locations":[{"start":{"line":6,"column":2499},"end":{"line":6,"column":2518}}]},"101":{"type":"branch","line":6,"loc":{"start":{"line":6,"column":2530},"end":{"line":6,"column":2749}},"locations":[{"start":{"line":6,"column":2530},"end":{"line":6,"column":2749}}]},"102":{"type":"branch","line":6,"loc":{"start":{"line":6,"column":2589},"end":{"line":6,"column":2628}},"locations":[{"start":{"line":6,"column":2589},"end":{"line":6,"column":2628}}]},"103":{"type":"branch","line":6,"loc":{"start":{"line":6,"column":2628},"end":{"line":6,"column":2748}},"locations":[{"start":{"line":6,"column":2628},"end":{"line":6,"column":2748}}]},"104":{"type":"branch","line":6,"loc":{"start":{"line":6,"column":3379},"end":{"line":6,"column":3812}},"locations":[{"start":{"line":6,"column":3379},"end":{"line":6,"column":3812}}]},"105":{"type":"branch","line":6,"loc":{"start":{"line":6,"column":3464},"end":{"line":6,"column":3596}},"locations":[{"start":{"line":6,"column":3464},"end":{"line":6,"column":3596}}]},"106":{"type":"branch","line":6,"loc":{"start":{"line":6,"column":3624},"end":{"line":6,"column":3812}},"locations":[{"start":{"line":6,"column":3624},"end":{"line":6,"column":3812}}]},"107":{"type":"branch","line":6,"loc":{"start":{"line":6,"column":3665},"end":{"line":6,"column":3802}},"locations":[{"start":{"line":6,"column":3665},"end":{"line":6,"column":3802}}]},"108":{"type":"branch","line":6,"loc":{"start":{"line":6,"column":3673},"end":{"line":6,"column":3686}},"locations":[{"start":{"line":6,"column":3673},"end":{"line":6,"column":3686}}]},"109":{"type":"branch","line":6,"loc":{"start":{"line":6,"column":3688},"end":{"line":6,"column":3800}},"locations":[{"start":{"line":6,"column":3688},"end":{"line":6,"column":3800}}]},"110":{"type":"branch","line":6,"loc":{"start":{"line":6,"column":3800},"end":{"line":6,"column":3811}},"locations":[{"start":{"line":6,"column":3800},"end":{"line":6,"column":3811}}]},"111":{"type":"branch","line":6,"loc":{"start":{"line":6,"column":4161},"end":{"line":6,"column":4766}},"locations":[{"start":{"line":6,"column":4161},"end":{"line":6,"column":4766}}]},"112":{"type":"branch","line":6,"loc":{"start":{"line":6,"column":4777},"end":{"line":6,"column":5586}},"locations":[{"star
[...]
olumn":4934}},"line":124},"870":{"name":"Of","decl":{"start":{"line":124,"column":4934},"end":{"line":124,"column":5023}},"loc":{"start":{"line":124,"column":4934},"end":{"line":124,"column":5023}},"line":124},"871":{"name":"<instance_members_initializer>","decl":{"start":{"line":124,"column":5073},"end":{"line":124,"column":8087}},"loc":{"start":{"line":124,"column":5073},"end":{"line":124,"column":8087}},"line":124},"872":{"name":"ei","decl":{"start":{"line":124,"column":5103},"end":{"line":124,"column":6173}},"loc":{"start":{"line":124,"column":5103},"end":{"line":124,"column":6173}},"line":124},"873":{"name":"singleLoader","decl":{"start":{"line":124,"column":5638},"end":{"line":124,"column":5960}},"loc":{"start":{"line":124,"column":5638},"end":{"line":124,"column":5960}},"line":124},"874":{"name":"batchBy","decl":{"start":{"line":124,"column":5969},"end":{"line":124,"column":6043}},"loc":{"start":{"line":124,"column":5969},"end":{"line":124,"column":6043}},"line":124},"875":{"name":"batchOrder","decl":{"start":{"line":124,"column":6044},"end":{"line":124,"column":6170}},"loc":{"start":{"line":124,"column":6044},"end":{"line":124,"column":6170}},"line":124},"876":{"name":"request","decl":{"start":{"line":124,"column":6173},"end":{"line":124,"column":6434}},"loc":{"start":{"line":124,"column":6173},"end":{"line":124,"column":6434}},"line":124},"877":{"name":"mapQueryEngineResult","decl":{"start":{"line":124,"column":6434},"end":{"line":124,"column":6570}},"loc":{"start":{"line":124,"column":6434},"end":{"line":124,"column":6570}},"line":124},"878":{"name":"handleAndLogRequestError","decl":{"start":{"line":124,"column":6570},"end":{"line":124,"column":6755}},"loc":{"start":{"line":124,"column":6570},"end":{"line":124,"column":6755}},"line":124},"879":{"name":"handleRequestError","decl":{"start":{"line":124,"column":6755},"end":{"line":124,"column":7731}},"loc":{"start":{"line":124,"column":6755},"end":{"line":124,"column":7731}},"line":124},"880":{"name":"sanitizeMessage","decl":{"start":{"line":124,"column":7731},"end":{"line":124,"column":7839}},"loc":{"start":{"line":124,"column":7731},"end":{"line":124,"column":7839}},"line":124},"881":{"name":"unpack","decl":{"start":{"line":124,"column":7839},"end":{"line":124,"column":8037}},"loc":{"start":{"line":124,"column":7839},"end":{"line":124,"column":8037}},"line":124},"882":{"name":"ei","decl":{"start":{"line":124,"column":8037},"end":{"line":124,"column":8086}},"loc":{"start":{"line":124,"column":8037},"end":{"line":124,"column":8086}},"line":124},"883":{"name":"_f","decl":{"start":{"line":124,"column":8088},"end":{"line":124,"column":8277}},"loc":{"start":{"line":124,"column":8088},"end":{"line":124,"column":8277}},"line":124},"884":{"name":"nu","decl":{"start":{"line":124,"column":8277},"end":{"line":124,"column":8326}},"loc":{"start":{"line":124,"column":8277},"end":{"line":124,"column":8326}},"line":124},"885":{"name":"Nf","decl":{"start":{"line":124,"column":8326},"end":{"line":124,"column":8404}},"loc":{"start":{"line":124,"column":8326},"end":{"line":124,"column":8404}},"line":124},"886":{"name":"Lf","decl":{"start":{"line":124,"column":8404},"end":{"line":124,"column":8461}},"loc":{"start":{"line":124,"column":8404},"end":{"line":124,"column":8461}},"line":124},"887":{"name":"iu","decl":{"start":{"line":124,"column":8461},"end":{"line":124,"column":8641}},"loc":{"start":{"line":124,"column":8461},"end":{"line":124,"column":8641}},"line":124},"888":{"name":"k","decl":{"start":{"line":124,"column":8692},"end":{"line":125,"column":103}},"loc":{"start":{"line":124,"column":8692},"end":{"line":125,"column":103}},"line":124},"889":{"name":"k","decl":{"start":{"line":125,"column":103},"end":{"line":125,"column":176}},"loc":{"start":{"line":125,"column":103},"end":{"line":125,"column":176}},"line":125},"890":{"name":"datasources","decl":{"start":{"line":125,"column":421},"end":{"line":128,"column":60}},"loc":{"start":{"line":125,"column":421},"end":{"line":128,"column":60}},"line":125},"891":{"name":"adapter","decl":{"start":{"line":128,"column":69},"end":{"line":128,"column":678}},"loc":{"start":{"line":128,"column":69},"end":{"line":128,"column":678}},"line":128},"892":{"name":"datasourceUrl","decl":{"start":{"line":128,"column":693},"end":{"line":129,"column":32}},"loc":{"start":{"line":128,"column":693},"end":{"line":129,"column":32}},"line":128},"893":{"name":"errorFormat","decl":{"start":{"line":129,"column":45},"end":{"line":129,"column":302}},"loc":{"start":{"line":129,"column":45},"end":{"line":129,"column":302}},"line":129},"894":{"name":"log","decl":{"start":{"line":129,"column":307},"end":{"line":129,"column":980}},"loc":{"start":{"line":129,"column":307},"end":{"line":129,"column":980}},"line":129},"895":{"name":"transactionOptions","decl":{"start":{"line":129,"column":1000},"end":{"line":129,"column":1369}},"loc":{"start":{"line":129,"column":1000},"end":{"line":129,"column":1369}},"line":129},"896":{"name":"omit","decl":{"start":{"line":129,"column":1375},"end":{"line":129,"column":1989}},"loc":{"start":{"line":129,"column":1375},"end":{"line":129,"column":1989}},"line":129},"897":{"name":"__internal","decl":{"start":{"line":129,"column":2001},"end":{"line":129,"column":2354}},"loc":{"start":{"line":129,"column":2001},"end":{"line":129,"column":2354}},"line":129},"898":{"name":"pu","decl":{"start":{"line":129,"column":2356},"end":{"line":129,"column":2670}},"loc":{"start":{"line":129,"column":2356},"end":{"line":129,"column":2670}},"line":129},"899":{"name":"Wr","decl":{"start":{"line":129,"column":2670},"end":{"line":129,"column":2782}},"loc":{"start":{"line":129,"column":2670},"end":{"line":129,"column":2782}},"line":129},"900":{"name":"Mf","decl":{"start":{"line":129,"column":2782},"end":{"line":129,"column":2970}},"loc":{"start":{"line":129,"column":2782},"end":{"line":129,"column":2970}},"line":129},"901":{"name":"$f","decl":{"start":{"line":129,"column":2970},"end":{"line":129,"column":3024}},"loc":{"start":{"line":129,"column":2970},"end":{"line":129,"column":3024}},"line":129},"902":{"name":"uu","decl":{"start":{"line":129,"column":3024},"end":{"line":129,"column":3098}},"loc":{"start":{"line":129,"column":3024},"end":{"line":129,"column":3098}},"line":129},"903":{"name":"qf","decl":{"start":{"line":129,"column":3098},"end":{"line":133,"column":6}},"loc":{"start":{"line":129,"column":3098},"end":{"line":133,"column":6}},"line":129},"904":{"name":"du","decl":{"start":{"line":133,"column":6},"end":{"line":133,"column":321}},"loc":{"start":{"line":133,"column":6},"end":{"line":133,"column":321}},"line":133},"905":{"name":"requestArgsToMiddlewareArgs","decl":{"start":{"line":133,"column":440},"end":{"line":133,"column":444}},"loc":{"start":{"line":133,"column":440},"end":{"line":133,"column":444}},"line":133},"906":{"name":"middlewareArgsToRequestArgs","decl":{"start":{"line":133,"column":473},"end":{"line":133,"column":477}},"loc":{"start":{"line":133,"column":473},"end":{"line":133,"column":477}},"line":133},"907":{"name":"nextId","decl":{"start":{"line":133,"column":534},"end":{"line":133,"column":559}},"loc":{"start":{"line":133,"column":534},"end":{"line":133,"column":559}},"line":133},"908":{"name":"bu","decl":{"start":{"line":133,"column":561},"end":{"line":134,"column":564}},"loc":{"start":{"line":133,"column":561},"end":{"line":134,"column":564}},"line":133},"909":{"name":"<instance_members_initializer>","decl":{"start":{"line":133,"column":583},"end":{"line":134,"column":555}},"loc":{"start":{"line":133,"column":583},"end":{"line":134,"column":555}},"line":133},"910":{"name":"r","decl":{"start":{"line":133,"column":867},"end":{"line":133,"column":4212}},"loc":{"start":{"line":133,"column":867},"end":{"line":133,"column":4212}},"line":133},"911":{"name":"$on","decl":{"start":{"line":133,"column":4259},"end":{"line":133,"column":4367}},"loc":{"start":{"line":133,"column":4259},"end":{"line":133,"column":4367}},"line":133},"912":{"name":"$connect","decl":{"start":{"line":133,"column":4367},"end":{"line":133,"column":4464}},"loc":{"start":{"line":133,"column":4367},"end":{"line":133,"column":4464}},"line":133},"913":{"name":"$disconnect","decl":{"start":{"line":133,"column":4464},"end":{"line":133,"column":4581}},"loc":{"start":{"line":133,"column":4464},"end":{"line":133,"column":4581}},"line":133},"914":{"name":"$executeRawInternal","decl":{"start":{"line":133,"column":4581},"end":{"line":133,"column":4832}},"loc":{"start":{"line":133,"column":4581},"end":{"line":133,"column":4832}},"line":133},"915":{"name":"$executeRaw","decl":{"start":{"line":133,"column":4832},"end":{"line":133,"column":5468}},"loc":{"start":{"line":133,"column":4832},"end":{"line":133,"column":5468}},"line":133},"916":{"name":"$executeRawUnsafe","decl":{"start":{"line":133,"column":5468},"end":{"line":133,"column":5666}},"loc":{"start":{"line":133,"column":5468},"end":{"line":133,"column":5666}},"line":133},"917":{"name":"$runCommandRaw","decl":{"start":{"line":133,"column":5666},"end":{"line":133,"column":6044}},"loc":{"start":{"line":133,"column":5666},"end":{"line":133,"column":6044}},"line":133},"918":{"name":"$queryRawInternal","decl":{"start":{"line":133,"column":6044},"end":{"line":133,"column":6297}},"loc":{"start":{"line":133,"column":6044},"end":{"line":133,"column":6297}},"line":133},"919":{"name":"$queryRaw","decl":{"start":{"line":133,"column":6297},"end":{"line":133,"column":6792}},"loc":{"start":{"line":133,"column":6297},"end":{"line":133,"column":6792}},"line":133},"920":{"name":"$queryRawTyped","decl":{"start":{"line":133,"column":6792},"end":{"line":133,"column":7070}},"loc":{"start":{"line":133,"column":6792},"end":{"line":133,"column":7070}},"line":133},"921":{"name":"$queryRawUnsafe","decl":{"start":{"line":133,"column":7070},"end":{"line":133,"column":7184}},"loc":{"start":{"line":133,"column":7070},"end":{"line":133,"column":7184}},"line":133},"922":{"name":"_transactionWithArray","decl":{"start":{"line":133,"column":7184},"end":{"line":133,"column":7706}},"loc":{"start":{"line":133,"column":7184},"end":{"line":133,"column":7706}},"line":133},"923":{"name":"_transactionWithCallback","decl":{"start":{"line":133,"column":7706},"end":{"line":133,"column":8285}},"loc":{"start":{"line":133,"column":7706},"end":{"line":133,"column":8285}},"line":133},"924":{"name":"_createItxClient","decl":{"start":{"line":133,"column":8285},"end":{"line":133,"column":8462}},"loc":{"start":{"line":133,"column":8285},"end":{"line":133,"column":8462}},"line":133},"925":{"name":"$transaction","decl":{"start":{"line":133,"column":8462},"end":{"line":133,"column":9029}},"loc":{"start":{"line":133,"column":8462},"end":{"line":133,"column":9029}},"line":133},"926":{"name":"_request","decl":{"start":{"line":133,"column":9029},"end":{"line":133,"column":9857}},"loc":{"start":{"line":133,"column":9029},"end":{"line":133,"column":9857}},"line":133},"927":{"name":"a","decl":{"start":{"line":133,"column":9384},"end":{"line":133,"column":9725}},"loc":{"start":{"line":133,"column":9384},"end":{"line":133,"column":9725}},"line":133},"928":{"name":"_executeRequest","decl":{"start":{"line":133,"column":9857},"end":{"line":134,"column":375}},"loc":{"start":{"line":133,"column":9857},"end":{"line":134,"column":375}},"line":133},"929":{"name":"_hasPreviewFlag","decl":{"start":{"line":134,"column":397},"end":{"line":134,"column":472}},"loc":{"start":{"line":134,"column":397},"end":{"line":134,"column":472}},"line":134},"930":{"name":"$applyPendingMigrations","decl":{"start":{"line":134,"column":472},"end":{"line":134,"column":543}},"loc":{"start":{"line":134,"column":472},"end":{"line":134,"column":543}},"line":134},"931":{"name":"mu","decl":{"start":{"line":134,"column":564},"end":{"line":134,"column":618}},"loc":{"start":{"line":134,"column":564},"end":{"line":134,"column":618}},"line":134},"932":{"name":"Uf","decl":{"start":{"line":134,"column":618},"end":{"line":134,"column":679}},"loc":{"start":{"line":134,"column":618},"end":{"line":134,"column":679}},"line":134},"933":{"name":"Eu","decl":{"start":{"line":134,"column":815},"end":{"line":134,"column":954}},"loc":{"start":{"line":134,"column":815},"end":{"line":134,"column":954}},"line":134},"934":{"name":"get","decl":{"start":{"line":134,"column":850},"end":{"line":134,"column":951}},"loc":{"start":{"line":134,"column":850},"end":{"line":134,"column":951}},"line":134},"935":{"name":"wu","decl":{"start":{"line":134,"column":954},"end":{"line":134,"column":998}},"loc":{"start":{"line":134,"column":954},"end":{"line":134,"column":998}},"line":134}},"f":{"0":2,"1":14,"2":7,"3":32,"4":23,"5":31,"6":1,"7":36,"8":4,"9":4,"10":2,"11":0,"12":2,"13":0,"14":0,"15":0,"16":0,"17":2,"18":0,"19":0,"20":0,"21":2,"22":0,"23":0,"24":2,"25":0,"26":2,"27":2,"28":0,"29":4,"30":0,"31":0,"32":0,"33":1,"34":1,"35":1,"36":0,"37":1,"38":1,"39":1,"40":1,"41":1,"42":1,"43":0,"44":1,"45":1,"46":0,"47":0,"48":0,"49":1,"50":1,"51":1,"52":1,"53":1,"54":0,"55":1,"56":1,"57":0,"58":1,"59":1,"60":1,"61":1,"62":1,"63":1,"64":0,"65":0,"66":1,"67":0,"68":0,"69":0,"70":0,"71":0,"72":0,"73":0,"74":0,"75":0,"76":0,"77":0,"78":0,"79":0,"80":0,"81":0,"82":0,"83":0,"84":0,"85":0,"86":0,"87":0,"88":0,"89":0,"90":0,"91":0,"92":0,"93":0,"94":0,"95":26,"96":0,"97":0,"98":42,"99":0,"100":14,"101":0,"102":21,"103":0,"104":0,"105":7,"106":0,"107":0,"108":0,"109":0,"110":1,"111":1,"112":0,"113":0,"114":0,"115":0,"116":0,"117":8,"118":0,"119":0,"120":0,"121":0,"122":0,"123":0,"124":0,"125":8,"126":0,"127":0,"128":0,"129":0,"130":0,"131":1,"132":0,"133":0,"134":0,"135":0,"136":0,"137":0,"138":0,"139":1,"140":0,"141":0,"142":0,"143":0,"144":0,"145":0,"146":0,"147":0,"148":0,"149":1,"150":0,"151":0,"152":0,"153":0,"154":0,"155":0,"156":0,"157":0,"158":0,"159":0,"160":0,"161":0,"162":0,"163":0,"164":0,"165":0,"166":0,"167":0,"168":1,"169":0,"170":0,"171":0,"172":0,"173":0,"174":0,"175":0,"176":0,"177":0,"178":2,"179":3,"180":1,"181":3,"182":1,"183":0,"184":0,"185":0,"186":0,"187":0,"188":0,"189":0,"190":0,"191":0,"192":0,"193":0,"194":0,"195":0,"196":0,"197":0,"198":0,"199":0,"200":0,"201":0,"202":0,"203":0,"204":0,"205":0,"206":0,"207":0,"208":0,"209":0,"210":0,"211":0,"212":0,"213":0,"214":0,"215":0,"216":0,"217":0,"218":0,"219":0,"220":0,"221":0,"222":0,"223":0,"224":0,"225":0,"226":0,"227":0,"228":0,"229":0,"230":0,"231":0,"232":0,"233":1,"234":1,"235":0,"236":0,"237":0,"238":0,"239":0,"240":0,"241":0,"242":0,"243":0,"244":0,"245":0,"246":0,"247":0,"248":1,"249":0,"250":0,"251":0,"252":0,"253":0,"254":0,"255":0,"256":0,"257":0,"258":0,"259":0,"260":0,"261":0,"262":0,"263":0,"264":0,"265":0,"266":0,"267":0,"268":0,"269":0,"270":0,"271":0,"272":2,"273":8,"274":2,"275":1,"276":4,"277":3,"278":4,"279":0,"280":0,"281":0,"282":22,"283":0,"284":0,"285":0,"286":0,"287":0,"288":0,"289":3,"290":0,"291":2,"292":7,"293":0,"294":0,"295":1,"296":0,"297":0,"298":0,"299":7,"300":0,"301":0,"302":0,"303":0,"304":0,"305":0,"306":0,"307":0,"308":0,"309":0,"310":0,"311":0,"312":0,"313":0,"314":0,"315":0,"316":0,"317":0,"318":0,"319":0,"320":0,"321":0,"322":0,"323":0,"324":0,"325":0,"326":0,"327":0,"328":0,"329":0,"330":0,"331":0,"332":0,"333":0,"334":0,"335":0,"336":0,"337":0,"338":0,"339":0,"340":0,"341":0,"342":0,"343":0,"344":0,"345":0,"346":0,"347":0,"348":0,"349":0,"350":0,"351":0,"352":0,"353":0,"354":0,"355":0,"356":0,"357":0,"358":0,"359":0,"360":0,"361":0,"362":0,"363":0,"364":0,"365":0,"366":0,"367":0,"368":0,"369":0,"370":0,"371":0,"372":0,"373":0,"374":0,"375":0,"376":0,"377":0,"378":0,"379":0,"380":2,"381":0,"382":0,"383":0,"384":0,"385":0,"386":0,"387":0,"388":0,"389":0,"390":0,"391":0,"392":0,"393":0,"394":0,"395":0,"396":0,"397":0,"398":0,"399":0,"400":1,"401":0,"402":0,"403":1,"404":2,"405":0,"406":0,"407":0,"408":0,"409":9,"410":0,"411":0,"412":0,"413":0,"414":0,"415":0,"416":0,"417":0,"418":0,"419":0,"420":0,"421":0,"422":0,"423":0,"424":0,"425":0,"426":0,"427":0,"428":0,"429":0,"430":7,"431":0,"432":0,"433":0,"434":0,"435":0,"436":0,"437":0,"438":0,"439":159,"440":83,"441":80,"442":2,"443":1,"444":25,"445":0,"446":0,"447":0,"448":0,"449":0,"450":0,"451":0,"452":0,"453":0,"454":0,"455":0,"456":0,"457":0,"458":0,"459":0,"460":0,"461":0,"462":0,"463":0,"464":0,"465":0,"466":0,"467":0,"468":0,"469":0,"470":0,"471":0,"472":0,"473":0,"474":0,"475":0,"476":0,"477":0,"478":0,"479":0,"480":0,"481":0,"482":0,"483":0,"484":0,"485":0,"486":0,"487":0,"488":0,"489":0,"490":0,"491":0,"492":0,"493":0,"494":0,"495":0,"496":0,"497":0,"498":0,"499":0,"500":0,"501":0,"502":0,"503":0,"504":0,"505":0,"506":0,"507":0,"508":0,"509":0,"510":0,"511":0,"512":0,"513":0,"514":0,"515":0,"516":0,"517":0,"518":0,"519":0,"520":0,"521":0,"522":0,"523":0,"524":7,"525":3,"526":3,"527":0,"528":0,"529":1,"530":1,"531":1,"532":3,"533":0,"534":0,"535":0,"536":0,"537":0,"538":0,"539":0,"540":0,"541":4,"542":0,"543":0,"544":0,"545":0,"546":0,"547":7,"548":0,"549":1,"550":1,"551":0,"552":14,"553":0,"554":7,"555":1,"556":2,"557":0,"558":0,"559":0,"560":7,"561":0,"562":1,"563":0,"564":17,"565":7,"566":7,"567":7,"568":7,"569":0,"570":7,"571":0,"572":17,"573":14,"574":0,"575":7,"576":7,"577":0,"578":24,"579":24,"580":0,"581":0,"582":0,"583":0,"584":0,"585":7,"586":0,"587":7,"588":0,"589":0,"590":7,"591":7,"592":17,"593":0,"594":1,"595":1,"596":0,"597":0,"598":1,"599":0,"600":0,"601":0,"602":0,"603":0,"604":0,"605":0,"606":0,"607":1,"608":0,"609":0,"610":0,"611":0,"612":0,"613":1,"614":0,"615":2,"616":2,"617":0,"618":10,"619":10,"620":0,"621":3,"622":3,"623":7,"624":0,"625":5,"626":0,"627":0,"628":0,"629":0,"630":0,"631":3,"632":16,"633":0,"634":0,"635":3,"636":0,"637":0,"638":0,"639":0,"640":3,"641":0,"642":0,"643":0,"644":0,"645":0,"646":0,"647":0,"648":0,"649":0,"650":0,"651":0,"652":0,"653":0,"654":12,"655":12,"656":0,"657":12,"658":0,"659":0,"660":0,"661":0,"662":0,"663":0,"664":0,"665":0,"666":0,"667":0,"668":0,"669":0,"670":7,"671":7,"672":0,"673":5,"674":5,"675":5,"676":5,"677":5,"678":2,"679":2,"680":2,"681":7,"682":7,"683":7,"684":2,"685":2,"686":2,"687":1,"688":1,"689":1,"690":1,"691":1,"692":1,"693":2,"694":0,"695":0,"696":0,"697":0,"698":0,"699":0,"700":0,"701":0,"702":7,"703":0,"704":0,"705":0,"706":0,"707":0,"708":0,"709":7,"710":1,"711":0,"712":0,"713":0,"714":1,"715":1,"716":0,"717":0,"718":0,"719":0,"720":0,"721":0,"722":0,"723":0,"724":0,"725":0,"726":0,"727":0,"728":0,"729":0,"730":0,"731":0,"732":0,"733":0,"734":0,"735":1,"736":1,"737":1,"738":0,"739":0,"740":0,"741":0,"742":0,"743":83,"744":43,"745":221,"746":40,"747":1,"748":0,"749":0,"750":0,"751":0,"752":0,"753":0,"754":0,"755":0,"756":0,"757":0,"758":0,"759":0,"760":0,"761":0,"762":0,"763":0,"764":0,"765":0,"766":0,"767":0,"768":0,"769":0,"770":0,"771":0,"772":0,"773":0,"774":0,"775":0,"776":0,"777":0,"778":0,"779":0,"780":0,"781":0,"782":0,"783":0,"784":1,"785":1,"786":1,"787":0,"788":0,"789":0,"790":8,"791":1,"792":1,"793":1,"794":6,"795":0,"796":0,"797":1,"798":1,"799":7,"800":1,"801":0,"802":0,"803":0,"804":0,"805":8,"806":1,"807":0,"808":1,"809":0,"810":7,"811":0,"812":0,"813":0,"814":0,"815":0,"816":0,"817":1,"818":0,"819":0,"820":1,"821":1,"822":1,"823":0,"824":0,"825":0,"826":0,"827":0,"828":0,"829":0,"830":0,"831":0,"832":0,"833":0,"834":0,"835":0,"836":0,"837":1,"838":7,"839":0,"840":7,"841":0,"842":0,"843":0,"844":7,"845":9,"846":8,"847":0,"848":14,"849":18,"850":9,"851":8,"852":0,"853":14,"854":18,"855":49,"856":1,"857":0,"858":0,"859":0,"860":7,"861":12,"862":7,"863":1,"864":1,"865":7,"866":4,"867":0,"868":0,"869":0,"870":0,"871":1,"872":1,"873":7,"874":7,"875":0,"876":7,"877":7,"878":0,"879":0,"880":0,"881":7,"882":0,"883":0,"884":0,"885":0,"886":0,"887":0,"888":0,"889":0,"890":0,"891":0,"892":0,"893":0,"894":0,"895":0,"896":0,"897":0,"898":0,"899":0,"900":0,"901":0,"902":0,"903":0,"904":0,"905":7,"906":7,"907":0,"908":1,"909":1,"910":1,"911":0,"912":1,"913":0,"914":0,"915":0,"916":0,"917":0,"918":0,"919":0,"920":0,"921":0,"922":0,"923":0,"924":0,"925":0,"926":7,"927":7,"928":7,"929":0,"930":0,"931":0,"932":0,"933":1,"934":0,"935":1}}
}
